2022-05-06T16:37:10 | INFO | mmf : Logging to: ./save/train.log
2022-05-06T16:37:10 | INFO | mmf_cli.run : Namespace(config_override=None, local_rank=None, opts=['config=finetune_vilbert.yaml', 'model=vilbert', 'dataset=hateful_memes', 'run_type=val', 'checkpoint.resume_file=save/models/model_17000.ckpt', 'evaluation.predict=true'])
2022-05-06T16:37:10 | INFO | mmf_cli.run : Torch version: 1.9.0+cu102
2022-05-06T16:37:10 | INFO | mmf.utils.general : CUDA Device 0 is: Tesla T4
2022-05-06T16:37:10 | INFO | mmf_cli.run : Using seed 10362275
2022-05-06T16:37:10 | INFO | mmf.trainers.mmf_trainer : Loading datasets
2022-05-06T16:37:10 | INFO | mmf.datasets.multi_datamodule : Multitasking disabled by default for single dataset training
2022-05-06T16:37:10 | INFO | mmf.datasets.multi_datamodule : Multitasking disabled by default for single dataset training
2022-05-06T16:37:10 | INFO | mmf.datasets.multi_datamodule : Multitasking disabled by default for single dataset training
2022-05-06T16:37:10 | INFO | mmf.trainers.mmf_trainer : Loading model
2022-05-06T16:37:16 | INFO | mmf.trainers.mmf_trainer : Loading optimizer
2022-05-06T16:37:16 | INFO | mmf.trainers.mmf_trainer : Loading metrics
2022-05-06T16:37:16 | INFO | mmf.utils.checkpoint : Loading checkpoint
2022-05-06T16:37:46 | WARNING | mmf : Key data_parallel is not present in registry, returning default value of None
2022-05-06T16:37:46 | WARNING | mmf : Key distributed is not present in registry, returning default value of None
2022-05-06T16:37:46 | INFO | mmf.utils.checkpoint : Copying model.bert.embeddings.position_ids from model.bert.embeddings.position_ids
2022-05-06T16:37:46 | INFO | mmf.utils.checkpoint : Copying model.bert.embeddings.word_embeddings.weight from model.bert.embeddings.word_embeddings.weight
2022-05-06T16:37:46 | INFO | mmf.utils.checkpoint : Copying model.bert.embeddings.position_embeddings.weight from model.bert.embeddings.position_embeddings.weight
2022-05-06T16:37:46 | INFO | mmf.utils.checkpoint : Copying model.bert.embeddings.token_type_embeddings.weight from model.bert.embeddings.token_type_embeddings.weight
2022-05-06T16:37:46 | INFO | mmf.utils.checkpoint : Copying model.bert.embeddings.LayerNorm.weight from model.bert.embeddings.LayerNorm.weight
2022-05-06T16:37:46 | INFO | mmf.utils.checkpoint : Copying model.bert.embeddings.LayerNorm.bias from model.bert.embeddings.LayerNorm.bias
2022-05-06T16:37:46 | INFO | mmf.utils.checkpoint : Copying model.bert.v_embeddings.image_embeddings.weight from model.bert.v_embeddings.image_embeddings.weight
2022-05-06T16:37:46 | INFO | mmf.utils.checkpoint : Copying model.bert.v_embeddings.image_embeddings.bias from model.bert.v_embeddings.image_embeddings.bias
2022-05-06T16:37:46 | INFO | mmf.utils.checkpoint : Copying model.bert.v_embeddings.image_location_embeddings.weight from model.bert.v_embeddings.image_location_embeddings.weight
2022-05-06T16:37:46 | INFO | mmf.utils.checkpoint : Copying model.bert.v_embeddings.image_location_embeddings.bias from model.bert.v_embeddings.image_location_embeddings.bias
2022-05-06T16:37:46 | INFO | mmf.utils.checkpoint : Copying model.bert.v_embeddings.LayerNorm.weight from model.bert.v_embeddings.LayerNorm.weight
2022-05-06T16:37:46 | INFO | mmf.utils.checkpoint : Copying model.bert.v_embeddings.LayerNorm.bias from model.bert.v_embeddings.LayerNorm.bias
2022-05-06T16:37:46 | INFO | mmf.utils.checkpoint : Copying model.bert.encoder.layer.0.attention.self.query.weight from model.bert.encoder.layer.0.attention.self.query.weight
2022-05-06T16:37:46 | INFO | mmf.utils.checkpoint : Copying model.bert.encoder.layer.0.attention.self.query.bias from model.bert.encoder.layer.0.attention.self.query.bias
2022-05-06T16:37:46 | INFO | mmf.utils.checkpoint : Copying model.bert.encoder.layer.0.attention.self.key.weight from model.bert.encoder.layer.0.attention.self.key.weight
2022-05-06T16:37:46 | INFO | mmf.utils.checkpoint : Copying model.bert.encoder.layer.0.attention.self.key.bias from model.bert.encoder.layer.0.attention.self.key.bias
2022-05-06T16:37:46 | INFO | mmf.utils.checkpoint : Copying model.bert.encoder.layer.0.attention.self.value.weight from model.bert.encoder.layer.0.attention.self.value.weight
2022-05-06T16:37:46 | INFO | mmf.utils.checkpoint : Copying model.bert.encoder.layer.0.attention.self.value.bias from model.bert.encoder.layer.0.attention.self.value.bias
2022-05-06T16:37:46 | INFO | mmf.utils.checkpoint : Copying model.bert.encoder.layer.0.attention.output.dense.weight from model.bert.encoder.layer.0.attention.output.dense.weight
2022-05-06T16:37:46 | INFO | mmf.utils.checkpoint : Copying model.bert.encoder.layer.0.attention.output.dense.bias from model.bert.encoder.layer.0.attention.output.dense.bias
2022-05-06T16:37:46 | INFO | mmf.utils.checkpoint : Copying model.bert.encoder.layer.0.attention.output.LayerNorm.weight from model.bert.encoder.layer.0.attention.output.LayerNorm.weight
2022-05-06T16:37:46 | INFO | mmf.utils.checkpoint : Copying model.bert.encoder.layer.0.attention.output.LayerNorm.bias from model.bert.encoder.layer.0.attention.output.LayerNorm.bias
2022-05-06T16:37:46 | INFO | mmf.utils.checkpoint : Copying model.bert.encoder.layer.0.intermediate.dense.weight from model.bert.encoder.layer.0.intermediate.dense.weight
2022-05-06T16:37:46 | INFO | mmf.utils.checkpoint : Copying model.bert.encoder.layer.0.intermediate.dense.bias from model.bert.encoder.layer.0.intermediate.dense.bias
2022-05-06T16:37:46 | INFO | mmf.utils.checkpoint : Copying model.bert.encoder.layer.0.output.dense.weight from model.bert.encoder.layer.0.output.dense.weight
2022-05-06T16:37:46 | INFO | mmf.utils.checkpoint : Copying model.bert.encoder.layer.0.output.dense.bias from model.bert.encoder.layer.0.output.dense.bias
2022-05-06T16:37:46 | INFO | mmf.utils.checkpoint : Copying model.bert.encoder.layer.0.output.LayerNorm.weight from model.bert.encoder.layer.0.output.LayerNorm.weight
2022-05-06T16:37:46 | INFO | mmf.utils.checkpoint : Copying model.bert.encoder.layer.0.output.LayerNorm.bias from model.bert.encoder.layer.0.output.LayerNorm.bias
2022-05-06T16:37:46 | INFO | mmf.utils.checkpoint : Copying model.bert.encoder.layer.1.attention.self.query.weight from model.bert.encoder.layer.1.attention.self.query.weight
2022-05-06T16:37:46 | INFO | mmf.utils.checkpoint : Copying model.bert.encoder.layer.1.attention.self.query.bias from model.bert.encoder.layer.1.attention.self.query.bias
2022-05-06T16:37:46 | INFO | mmf.utils.checkpoint : Copying model.bert.encoder.layer.1.attention.self.key.weight from model.bert.encoder.layer.1.attention.self.key.weight
2022-05-06T16:37:46 | INFO | mmf.utils.checkpoint : Copying model.bert.encoder.layer.1.attention.self.key.bias from model.bert.encoder.layer.1.attention.self.key.bias
2022-05-06T16:37:46 | INFO | mmf.utils.checkpoint : Copying model.bert.encoder.layer.1.attention.self.value.weight from model.bert.encoder.layer.1.attention.self.value.weight
2022-05-06T16:37:46 | INFO | mmf.utils.checkpoint : Copying model.bert.encoder.layer.1.attention.self.value.bias from model.bert.encoder.layer.1.attention.self.value.bias
2022-05-06T16:37:46 | INFO | mmf.utils.checkpoint : Copying model.bert.encoder.layer.1.attention.output.dense.weight from model.bert.encoder.layer.1.attention.output.dense.weight
2022-05-06T16:37:46 | INFO | mmf.utils.checkpoint : Copying model.bert.encoder.layer.1.attention.output.dense.bias from model.bert.encoder.layer.1.attention.output.dense.bias
2022-05-06T16:37:46 | INFO | mmf.utils.checkpoint : Copying model.bert.encoder.layer.1.attention.output.LayerNorm.weight from model.bert.encoder.layer.1.attention.output.LayerNorm.weight
2022-05-06T16:37:46 | INFO | mmf.utils.checkpoint : Copying model.bert.encoder.layer.1.attention.output.LayerNorm.bias from model.bert.encoder.layer.1.attention.output.LayerNorm.bias
2022-05-06T16:37:46 | INFO | mmf.utils.checkpoint : Copying model.bert.encoder.layer.1.intermediate.dense.weight from model.bert.encoder.layer.1.intermediate.dense.weight
2022-05-06T16:37:46 | INFO | mmf.utils.checkpoint : Copying model.bert.encoder.layer.1.intermediate.dense.bias from model.bert.encoder.layer.1.intermediate.dense.bias
2022-05-06T16:37:46 | INFO | mmf.utils.checkpoint : Copying model.bert.encoder.layer.1.output.dense.weight from model.bert.encoder.layer.1.output.dense.weight
2022-05-06T16:37:46 | INFO | mmf.utils.checkpoint : Copying model.bert.encoder.layer.1.output.dense.bias from model.bert.encoder.layer.1.output.dense.bias
2022-05-06T16:37:46 | INFO | mmf.utils.checkpoint : Copying model.bert.encoder.layer.1.output.LayerNorm.weight from model.bert.encoder.layer.1.output.LayerNorm.weight
2022-05-06T16:37:46 | INFO | mmf.utils.checkpoint : Copying model.bert.encoder.layer.1.output.LayerNorm.bias from model.bert.encoder.layer.1.output.LayerNorm.bias
2022-05-06T16:37:46 | INFO | mmf.utils.checkpoint : Copying model.bert.encoder.layer.2.attention.self.query.weight from model.bert.encoder.layer.2.attention.self.query.weight
2022-05-06T16:37:46 | INFO | mmf.utils.checkpoint : Copying model.bert.encoder.layer.2.attention.self.query.bias from model.bert.encoder.layer.2.attention.self.query.bias
2022-05-06T16:37:46 | INFO | mmf.utils.checkpoint : Copying model.bert.encoder.layer.2.attention.self.key.weight from model.bert.encoder.layer.2.attention.self.key.weight
2022-05-06T16:37:46 | INFO | mmf.utils.checkpoint : Copying model.bert.encoder.layer.2.attention.self.key.bias from model.bert.encoder.layer.2.attention.self.key.bias
2022-05-06T16:37:46 | INFO | mmf.utils.checkpoint : Copying model.bert.encoder.layer.2.attention.self.value.weight from model.bert.encoder.layer.2.attention.self.value.weight
2022-05-06T16:37:46 | INFO | mmf.utils.checkpoint : Copying model.bert.encoder.layer.2.attention.self.value.bias from model.bert.encoder.layer.2.attention.self.value.bias
2022-05-06T16:37:46 | INFO | mmf.utils.checkpoint : Copying model.bert.encoder.layer.2.attention.output.dense.weight from model.bert.encoder.layer.2.attention.output.dense.weight
2022-05-06T16:37:46 | INFO | mmf.utils.checkpoint : Copying model.bert.encoder.layer.2.attention.output.dense.bias from model.bert.encoder.layer.2.attention.output.dense.bias
2022-05-06T16:37:46 | INFO | mmf.utils.checkpoint : Copying model.bert.encoder.layer.2.attention.output.LayerNorm.weight from model.bert.encoder.layer.2.attention.output.LayerNorm.weight
2022-05-06T16:37:46 | INFO | mmf.utils.checkpoint : Copying model.bert.encoder.layer.2.attention.output.LayerNorm.bias from model.bert.encoder.layer.2.attention.output.LayerNorm.bias
2022-05-06T16:37:46 | INFO | mmf.utils.checkpoint : Copying model.bert.encoder.layer.2.intermediate.dense.weight from model.bert.encoder.layer.2.intermediate.dense.weight
2022-05-06T16:37:46 | INFO | mmf.utils.checkpoint : Copying model.bert.encoder.layer.2.intermediate.dense.bias from model.bert.encoder.layer.2.intermediate.dense.bias
2022-05-06T16:37:46 | INFO | mmf.utils.checkpoint : Copying model.bert.encoder.layer.2.output.dense.weight from model.bert.encoder.layer.2.output.dense.weight
2022-05-06T16:37:46 | INFO | mmf.utils.checkpoint : Copying model.bert.encoder.layer.2.output.dense.bias from model.bert.encoder.layer.2.output.dense.bias
2022-05-06T16:37:46 | INFO | mmf.utils.checkpoint : Copying model.bert.encoder.layer.2.output.LayerNorm.weight from model.bert.encoder.layer.2.output.LayerNorm.weight
2022-05-06T16:37:46 | INFO | mmf.utils.checkpoint : Copying model.bert.encoder.layer.2.output.LayerNorm.bias from model.bert.encoder.layer.2.output.LayerNorm.bias
2022-05-06T16:37:46 | INFO | mmf.utils.checkpoint : Copying model.bert.encoder.layer.3.attention.self.query.weight from model.bert.encoder.layer.3.attention.self.query.weight
2022-05-06T16:37:46 | INFO | mmf.utils.checkpoint : Copying model.bert.encoder.layer.3.attention.self.query.bias from model.bert.encoder.layer.3.attention.self.query.bias
2022-05-06T16:37:46 | INFO | mmf.utils.checkpoint : Copying model.bert.encoder.layer.3.attention.self.key.weight from model.bert.encoder.layer.3.attention.self.key.weight
2022-05-06T16:37:46 | INFO | mmf.utils.checkpoint : Copying model.bert.encoder.layer.3.attention.self.key.bias from model.bert.encoder.layer.3.attention.self.key.bias
2022-05-06T16:37:46 | INFO | mmf.utils.checkpoint : Copying model.bert.encoder.layer.3.attention.self.value.weight from model.bert.encoder.layer.3.attention.self.value.weight
2022-05-06T16:37:46 | INFO | mmf.utils.checkpoint : Copying model.bert.encoder.layer.3.attention.self.value.bias from model.bert.encoder.layer.3.attention.self.value.bias
2022-05-06T16:37:46 | INFO | mmf.utils.checkpoint : Copying model.bert.encoder.layer.3.attention.output.dense.weight from model.bert.encoder.layer.3.attention.output.dense.weight
2022-05-06T16:37:46 | INFO | mmf.utils.checkpoint : Copying model.bert.encoder.layer.3.attention.output.dense.bias from model.bert.encoder.layer.3.attention.output.dense.bias
2022-05-06T16:37:46 | INFO | mmf.utils.checkpoint : Copying model.bert.encoder.layer.3.attention.output.LayerNorm.weight from model.bert.encoder.layer.3.attention.output.LayerNorm.weight
2022-05-06T16:37:46 | INFO | mmf.utils.checkpoint : Copying model.bert.encoder.layer.3.attention.output.LayerNorm.bias from model.bert.encoder.layer.3.attention.output.LayerNorm.bias
2022-05-06T16:37:46 | INFO | mmf.utils.checkpoint : Copying model.bert.encoder.layer.3.intermediate.dense.weight from model.bert.encoder.layer.3.intermediate.dense.weight
2022-05-06T16:37:46 | INFO | mmf.utils.checkpoint : Copying model.bert.encoder.layer.3.intermediate.dense.bias from model.bert.encoder.layer.3.intermediate.dense.bias
2022-05-06T16:37:46 | INFO | mmf.utils.checkpoint : Copying model.bert.encoder.layer.3.output.dense.weight from model.bert.encoder.layer.3.output.dense.weight
2022-05-06T16:37:46 | INFO | mmf.utils.checkpoint : Copying model.bert.encoder.layer.3.output.dense.bias from model.bert.encoder.layer.3.output.dense.bias
2022-05-06T16:37:46 | INFO | mmf.utils.checkpoint : Copying model.bert.encoder.layer.3.output.LayerNorm.weight from model.bert.encoder.layer.3.output.LayerNorm.weight
2022-05-06T16:37:46 | INFO | mmf.utils.checkpoint : Copying model.bert.encoder.layer.3.output.LayerNorm.bias from model.bert.encoder.layer.3.output.LayerNorm.bias
2022-05-06T16:37:46 | INFO | mmf.utils.checkpoint : Copying model.bert.encoder.layer.4.attention.self.query.weight from model.bert.encoder.layer.4.attention.self.query.weight
2022-05-06T16:37:46 | INFO | mmf.utils.checkpoint : Copying model.bert.encoder.layer.4.attention.self.query.bias from model.bert.encoder.layer.4.attention.self.query.bias
2022-05-06T16:37:46 | INFO | mmf.utils.checkpoint : Copying model.bert.encoder.layer.4.attention.self.key.weight from model.bert.encoder.layer.4.attention.self.key.weight
2022-05-06T16:37:46 | INFO | mmf.utils.checkpoint : Copying model.bert.encoder.layer.4.attention.self.key.bias from model.bert.encoder.layer.4.attention.self.key.bias
2022-05-06T16:37:46 | INFO | mmf.utils.checkpoint : Copying model.bert.encoder.layer.4.attention.self.value.weight from model.bert.encoder.layer.4.attention.self.value.weight
2022-05-06T16:37:46 | INFO | mmf.utils.checkpoint : Copying model.bert.encoder.layer.4.attention.self.value.bias from model.bert.encoder.layer.4.attention.self.value.bias
2022-05-06T16:37:46 | INFO | mmf.utils.checkpoint : Copying model.bert.encoder.layer.4.attention.output.dense.weight from model.bert.encoder.layer.4.attention.output.dense.weight
2022-05-06T16:37:46 | INFO | mmf.utils.checkpoint : Copying model.bert.encoder.layer.4.attention.output.dense.bias from model.bert.encoder.layer.4.attention.output.dense.bias
2022-05-06T16:37:46 | INFO | mmf.utils.checkpoint : Copying model.bert.encoder.layer.4.attention.output.LayerNorm.weight from model.bert.encoder.layer.4.attention.output.LayerNorm.weight
2022-05-06T16:37:46 | INFO | mmf.utils.checkpoint : Copying model.bert.encoder.layer.4.attention.output.LayerNorm.bias from model.bert.encoder.layer.4.attention.output.LayerNorm.bias
2022-05-06T16:37:46 | INFO | mmf.utils.checkpoint : Copying model.bert.encoder.layer.4.intermediate.dense.weight from model.bert.encoder.layer.4.intermediate.dense.weight
2022-05-06T16:37:46 | INFO | mmf.utils.checkpoint : Copying model.bert.encoder.layer.4.intermediate.dense.bias from model.bert.encoder.layer.4.intermediate.dense.bias
2022-05-06T16:37:46 | INFO | mmf.utils.checkpoint : Copying model.bert.encoder.layer.4.output.dense.weight from model.bert.encoder.layer.4.output.dense.weight
2022-05-06T16:37:46 | INFO | mmf.utils.checkpoint : Copying model.bert.encoder.layer.4.output.dense.bias from model.bert.encoder.layer.4.output.dense.bias
2022-05-06T16:37:46 | INFO | mmf.utils.checkpoint : Copying model.bert.encoder.layer.4.output.LayerNorm.weight from model.bert.encoder.layer.4.output.LayerNorm.weight
2022-05-06T16:37:46 | INFO | mmf.utils.checkpoint : Copying model.bert.encoder.layer.4.output.LayerNorm.bias from model.bert.encoder.layer.4.output.LayerNorm.bias
2022-05-06T16:37:46 | INFO | mmf.utils.checkpoint : Copying model.bert.encoder.layer.5.attention.self.query.weight from model.bert.encoder.layer.5.attention.self.query.weight
2022-05-06T16:37:46 | INFO | mmf.utils.checkpoint : Copying model.bert.encoder.layer.5.attention.self.query.bias from model.bert.encoder.layer.5.attention.self.query.bias
2022-05-06T16:37:46 | INFO | mmf.utils.checkpoint : Copying model.bert.encoder.layer.5.attention.self.key.weight from model.bert.encoder.layer.5.attention.self.key.weight
2022-05-06T16:37:46 | INFO | mmf.utils.checkpoint : Copying model.bert.encoder.layer.5.attention.self.key.bias from model.bert.encoder.layer.5.attention.self.key.bias
2022-05-06T16:37:46 | INFO | mmf.utils.checkpoint : Copying model.bert.encoder.layer.5.attention.self.value.weight from model.bert.encoder.layer.5.attention.self.value.weight
2022-05-06T16:37:46 | INFO | mmf.utils.checkpoint : Copying model.bert.encoder.layer.5.attention.self.value.bias from model.bert.encoder.layer.5.attention.self.value.bias
2022-05-06T16:37:46 | INFO | mmf.utils.checkpoint : Copying model.bert.encoder.layer.5.attention.output.dense.weight from model.bert.encoder.layer.5.attention.output.dense.weight
2022-05-06T16:37:46 | INFO | mmf.utils.checkpoint : Copying model.bert.encoder.layer.5.attention.output.dense.bias from model.bert.encoder.layer.5.attention.output.dense.bias
2022-05-06T16:37:46 | INFO | mmf.utils.checkpoint : Copying model.bert.encoder.layer.5.attention.output.LayerNorm.weight from model.bert.encoder.layer.5.attention.output.LayerNorm.weight
2022-05-06T16:37:46 | INFO | mmf.utils.checkpoint : Copying model.bert.encoder.layer.5.attention.output.LayerNorm.bias from model.bert.encoder.layer.5.attention.output.LayerNorm.bias
2022-05-06T16:37:46 | INFO | mmf.utils.checkpoint : Copying model.bert.encoder.layer.5.intermediate.dense.weight from model.bert.encoder.layer.5.intermediate.dense.weight
2022-05-06T16:37:46 | INFO | mmf.utils.checkpoint : Copying model.bert.encoder.layer.5.intermediate.dense.bias from model.bert.encoder.layer.5.intermediate.dense.bias
2022-05-06T16:37:46 | INFO | mmf.utils.checkpoint : Copying model.bert.encoder.layer.5.output.dense.weight from model.bert.encoder.layer.5.output.dense.weight
2022-05-06T16:37:46 | INFO | mmf.utils.checkpoint : Copying model.bert.encoder.layer.5.output.dense.bias from model.bert.encoder.layer.5.output.dense.bias
2022-05-06T16:37:46 | INFO | mmf.utils.checkpoint : Copying model.bert.encoder.layer.5.output.LayerNorm.weight from model.bert.encoder.layer.5.output.LayerNorm.weight
2022-05-06T16:37:46 | INFO | mmf.utils.checkpoint : Copying model.bert.encoder.layer.5.output.LayerNorm.bias from model.bert.encoder.layer.5.output.LayerNorm.bias
2022-05-06T16:37:46 | INFO | mmf.utils.checkpoint : Copying model.bert.encoder.layer.6.attention.self.query.weight from model.bert.encoder.layer.6.attention.self.query.weight
2022-05-06T16:37:46 | INFO | mmf.utils.checkpoint : Copying model.bert.encoder.layer.6.attention.self.query.bias from model.bert.encoder.layer.6.attention.self.query.bias
2022-05-06T16:37:46 | INFO | mmf.utils.checkpoint : Copying model.bert.encoder.layer.6.attention.self.key.weight from model.bert.encoder.layer.6.attention.self.key.weight
2022-05-06T16:37:46 | INFO | mmf.utils.checkpoint : Copying model.bert.encoder.layer.6.attention.self.key.bias from model.bert.encoder.layer.6.attention.self.key.bias
2022-05-06T16:37:46 | INFO | mmf.utils.checkpoint : Copying model.bert.encoder.layer.6.attention.self.value.weight from model.bert.encoder.layer.6.attention.self.value.weight
2022-05-06T16:37:46 | INFO | mmf.utils.checkpoint : Copying model.bert.encoder.layer.6.attention.self.value.bias from model.bert.encoder.layer.6.attention.self.value.bias
2022-05-06T16:37:46 | INFO | mmf.utils.checkpoint : Copying model.bert.encoder.layer.6.attention.output.dense.weight from model.bert.encoder.layer.6.attention.output.dense.weight
2022-05-06T16:37:46 | INFO | mmf.utils.checkpoint : Copying model.bert.encoder.layer.6.attention.output.dense.bias from model.bert.encoder.layer.6.attention.output.dense.bias
2022-05-06T16:37:46 | INFO | mmf.utils.checkpoint : Copying model.bert.encoder.layer.6.attention.output.LayerNorm.weight from model.bert.encoder.layer.6.attention.output.LayerNorm.weight
2022-05-06T16:37:46 | INFO | mmf.utils.checkpoint : Copying model.bert.encoder.layer.6.attention.output.LayerNorm.bias from model.bert.encoder.layer.6.attention.output.LayerNorm.bias
2022-05-06T16:37:46 | INFO | mmf.utils.checkpoint : Copying model.bert.encoder.layer.6.intermediate.dense.weight from model.bert.encoder.layer.6.intermediate.dense.weight
2022-05-06T16:37:46 | INFO | mmf.utils.checkpoint : Copying model.bert.encoder.layer.6.intermediate.dense.bias from model.bert.encoder.layer.6.intermediate.dense.bias
2022-05-06T16:37:46 | INFO | mmf.utils.checkpoint : Copying model.bert.encoder.layer.6.output.dense.weight from model.bert.encoder.layer.6.output.dense.weight
2022-05-06T16:37:46 | INFO | mmf.utils.checkpoint : Copying model.bert.encoder.layer.6.output.dense.bias from model.bert.encoder.layer.6.output.dense.bias
2022-05-06T16:37:46 | INFO | mmf.utils.checkpoint : Copying model.bert.encoder.layer.6.output.LayerNorm.weight from model.bert.encoder.layer.6.output.LayerNorm.weight
2022-05-06T16:37:46 | INFO | mmf.utils.checkpoint : Copying model.bert.encoder.layer.6.output.LayerNorm.bias from model.bert.encoder.layer.6.output.LayerNorm.bias
2022-05-06T16:37:46 | INFO | mmf.utils.checkpoint : Copying model.bert.encoder.layer.7.attention.self.query.weight from model.bert.encoder.layer.7.attention.self.query.weight
2022-05-06T16:37:46 | INFO | mmf.utils.checkpoint : Copying model.bert.encoder.layer.7.attention.self.query.bias from model.bert.encoder.layer.7.attention.self.query.bias
2022-05-06T16:37:46 | INFO | mmf.utils.checkpoint : Copying model.bert.encoder.layer.7.attention.self.key.weight from model.bert.encoder.layer.7.attention.self.key.weight
2022-05-06T16:37:46 | INFO | mmf.utils.checkpoint : Copying model.bert.encoder.layer.7.attention.self.key.bias from model.bert.encoder.layer.7.attention.self.key.bias
2022-05-06T16:37:46 | INFO | mmf.utils.checkpoint : Copying model.bert.encoder.layer.7.attention.self.value.weight from model.bert.encoder.layer.7.attention.self.value.weight
2022-05-06T16:37:46 | INFO | mmf.utils.checkpoint : Copying model.bert.encoder.layer.7.attention.self.value.bias from model.bert.encoder.layer.7.attention.self.value.bias
2022-05-06T16:37:46 | INFO | mmf.utils.checkpoint : Copying model.bert.encoder.layer.7.attention.output.dense.weight from model.bert.encoder.layer.7.attention.output.dense.weight
2022-05-06T16:37:46 | INFO | mmf.utils.checkpoint : Copying model.bert.encoder.layer.7.attention.output.dense.bias from model.bert.encoder.layer.7.attention.output.dense.bias
2022-05-06T16:37:46 | INFO | mmf.utils.checkpoint : Copying model.bert.encoder.layer.7.attention.output.LayerNorm.weight from model.bert.encoder.layer.7.attention.output.LayerNorm.weight
2022-05-06T16:37:46 | INFO | mmf.utils.checkpoint : Copying model.bert.encoder.layer.7.attention.output.LayerNorm.bias from model.bert.encoder.layer.7.attention.output.LayerNorm.bias
2022-05-06T16:37:46 | INFO | mmf.utils.checkpoint : Copying model.bert.encoder.layer.7.intermediate.dense.weight from model.bert.encoder.layer.7.intermediate.dense.weight
2022-05-06T16:37:46 | INFO | mmf.utils.checkpoint : Copying model.bert.encoder.layer.7.intermediate.dense.bias from model.bert.encoder.layer.7.intermediate.dense.bias
2022-05-06T16:37:46 | INFO | mmf.utils.checkpoint : Copying model.bert.encoder.layer.7.output.dense.weight from model.bert.encoder.layer.7.output.dense.weight
2022-05-06T16:37:46 | INFO | mmf.utils.checkpoint : Copying model.bert.encoder.layer.7.output.dense.bias from model.bert.encoder.layer.7.output.dense.bias
2022-05-06T16:37:46 | INFO | mmf.utils.checkpoint : Copying model.bert.encoder.layer.7.output.LayerNorm.weight from model.bert.encoder.layer.7.output.LayerNorm.weight
2022-05-06T16:37:46 | INFO | mmf.utils.checkpoint : Copying model.bert.encoder.layer.7.output.LayerNorm.bias from model.bert.encoder.layer.7.output.LayerNorm.bias
2022-05-06T16:37:46 | INFO | mmf.utils.checkpoint : Copying model.bert.encoder.layer.8.attention.self.query.weight from model.bert.encoder.layer.8.attention.self.query.weight
2022-05-06T16:37:46 | INFO | mmf.utils.checkpoint : Copying model.bert.encoder.layer.8.attention.self.query.bias from model.bert.encoder.layer.8.attention.self.query.bias
2022-05-06T16:37:46 | INFO | mmf.utils.checkpoint : Copying model.bert.encoder.layer.8.attention.self.key.weight from model.bert.encoder.layer.8.attention.self.key.weight
2022-05-06T16:37:46 | INFO | mmf.utils.checkpoint : Copying model.bert.encoder.layer.8.attention.self.key.bias from model.bert.encoder.layer.8.attention.self.key.bias
2022-05-06T16:37:46 | INFO | mmf.utils.checkpoint : Copying model.bert.encoder.layer.8.attention.self.value.weight from model.bert.encoder.layer.8.attention.self.value.weight
2022-05-06T16:37:46 | INFO | mmf.utils.checkpoint : Copying model.bert.encoder.layer.8.attention.self.value.bias from model.bert.encoder.layer.8.attention.self.value.bias
2022-05-06T16:37:46 | INFO | mmf.utils.checkpoint : Copying model.bert.encoder.layer.8.attention.output.dense.weight from model.bert.encoder.layer.8.attention.output.dense.weight
2022-05-06T16:37:46 | INFO | mmf.utils.checkpoint : Copying model.bert.encoder.layer.8.attention.output.dense.bias from model.bert.encoder.layer.8.attention.output.dense.bias
2022-05-06T16:37:46 | INFO | mmf.utils.checkpoint : Copying model.bert.encoder.layer.8.attention.output.LayerNorm.weight from model.bert.encoder.layer.8.attention.output.LayerNorm.weight
2022-05-06T16:37:46 | INFO | mmf.utils.checkpoint : Copying model.bert.encoder.layer.8.attention.output.LayerNorm.bias from model.bert.encoder.layer.8.attention.output.LayerNorm.bias
2022-05-06T16:37:46 | INFO | mmf.utils.checkpoint : Copying model.bert.encoder.layer.8.intermediate.dense.weight from model.bert.encoder.layer.8.intermediate.dense.weight
2022-05-06T16:37:46 | INFO | mmf.utils.checkpoint : Copying model.bert.encoder.layer.8.intermediate.dense.bias from model.bert.encoder.layer.8.intermediate.dense.bias
2022-05-06T16:37:46 | INFO | mmf.utils.checkpoint : Copying model.bert.encoder.layer.8.output.dense.weight from model.bert.encoder.layer.8.output.dense.weight
2022-05-06T16:37:46 | INFO | mmf.utils.checkpoint : Copying model.bert.encoder.layer.8.output.dense.bias from model.bert.encoder.layer.8.output.dense.bias
2022-05-06T16:37:46 | INFO | mmf.utils.checkpoint : Copying model.bert.encoder.layer.8.output.LayerNorm.weight from model.bert.encoder.layer.8.output.LayerNorm.weight
2022-05-06T16:37:46 | INFO | mmf.utils.checkpoint : Copying model.bert.encoder.layer.8.output.LayerNorm.bias from model.bert.encoder.layer.8.output.LayerNorm.bias
2022-05-06T16:37:46 | INFO | mmf.utils.checkpoint : Copying model.bert.encoder.layer.9.attention.self.query.weight from model.bert.encoder.layer.9.attention.self.query.weight
2022-05-06T16:37:46 | INFO | mmf.utils.checkpoint : Copying model.bert.encoder.layer.9.attention.self.query.bias from model.bert.encoder.layer.9.attention.self.query.bias
2022-05-06T16:37:46 | INFO | mmf.utils.checkpoint : Copying model.bert.encoder.layer.9.attention.self.key.weight from model.bert.encoder.layer.9.attention.self.key.weight
2022-05-06T16:37:46 | INFO | mmf.utils.checkpoint : Copying model.bert.encoder.layer.9.attention.self.key.bias from model.bert.encoder.layer.9.attention.self.key.bias
2022-05-06T16:37:46 | INFO | mmf.utils.checkpoint : Copying model.bert.encoder.layer.9.attention.self.value.weight from model.bert.encoder.layer.9.attention.self.value.weight
2022-05-06T16:37:46 | INFO | mmf.utils.checkpoint : Copying model.bert.encoder.layer.9.attention.self.value.bias from model.bert.encoder.layer.9.attention.self.value.bias
2022-05-06T16:37:46 | INFO | mmf.utils.checkpoint : Copying model.bert.encoder.layer.9.attention.output.dense.weight from model.bert.encoder.layer.9.attention.output.dense.weight
2022-05-06T16:37:46 | INFO | mmf.utils.checkpoint : Copying model.bert.encoder.layer.9.attention.output.dense.bias from model.bert.encoder.layer.9.attention.output.dense.bias
2022-05-06T16:37:46 | INFO | mmf.utils.checkpoint : Copying model.bert.encoder.layer.9.attention.output.LayerNorm.weight from model.bert.encoder.layer.9.attention.output.LayerNorm.weight
2022-05-06T16:37:46 | INFO | mmf.utils.checkpoint : Copying model.bert.encoder.layer.9.attention.output.LayerNorm.bias from model.bert.encoder.layer.9.attention.output.LayerNorm.bias
2022-05-06T16:37:46 | INFO | mmf.utils.checkpoint : Copying model.bert.encoder.layer.9.intermediate.dense.weight from model.bert.encoder.layer.9.intermediate.dense.weight
2022-05-06T16:37:46 | INFO | mmf.utils.checkpoint : Copying model.bert.encoder.layer.9.intermediate.dense.bias from model.bert.encoder.layer.9.intermediate.dense.bias
2022-05-06T16:37:46 | INFO | mmf.utils.checkpoint : Copying model.bert.encoder.layer.9.output.dense.weight from model.bert.encoder.layer.9.output.dense.weight
2022-05-06T16:37:46 | INFO | mmf.utils.checkpoint : Copying model.bert.encoder.layer.9.output.dense.bias from model.bert.encoder.layer.9.output.dense.bias
2022-05-06T16:37:46 | INFO | mmf.utils.checkpoint : Copying model.bert.encoder.layer.9.output.LayerNorm.weight from model.bert.encoder.layer.9.output.LayerNorm.weight
2022-05-06T16:37:46 | INFO | mmf.utils.checkpoint : Copying model.bert.encoder.layer.9.output.LayerNorm.bias from model.bert.encoder.layer.9.output.LayerNorm.bias
2022-05-06T16:37:46 | INFO | mmf.utils.checkpoint : Copying model.bert.encoder.layer.10.attention.self.query.weight from model.bert.encoder.layer.10.attention.self.query.weight
2022-05-06T16:37:46 | INFO | mmf.utils.checkpoint : Copying model.bert.encoder.layer.10.attention.self.query.bias from model.bert.encoder.layer.10.attention.self.query.bias
2022-05-06T16:37:46 | INFO | mmf.utils.checkpoint : Copying model.bert.encoder.layer.10.attention.self.key.weight from model.bert.encoder.layer.10.attention.self.key.weight
2022-05-06T16:37:46 | INFO | mmf.utils.checkpoint : Copying model.bert.encoder.layer.10.attention.self.key.bias from model.bert.encoder.layer.10.attention.self.key.bias
2022-05-06T16:37:46 | INFO | mmf.utils.checkpoint : Copying model.bert.encoder.layer.10.attention.self.value.weight from model.bert.encoder.layer.10.attention.self.value.weight
2022-05-06T16:37:46 | INFO | mmf.utils.checkpoint : Copying model.bert.encoder.layer.10.attention.self.value.bias from model.bert.encoder.layer.10.attention.self.value.bias
2022-05-06T16:37:46 | INFO | mmf.utils.checkpoint : Copying model.bert.encoder.layer.10.attention.output.dense.weight from model.bert.encoder.layer.10.attention.output.dense.weight
2022-05-06T16:37:46 | INFO | mmf.utils.checkpoint : Copying model.bert.encoder.layer.10.attention.output.dense.bias from model.bert.encoder.layer.10.attention.output.dense.bias
2022-05-06T16:37:46 | INFO | mmf.utils.checkpoint : Copying model.bert.encoder.layer.10.attention.output.LayerNorm.weight from model.bert.encoder.layer.10.attention.output.LayerNorm.weight
2022-05-06T16:37:46 | INFO | mmf.utils.checkpoint : Copying model.bert.encoder.layer.10.attention.output.LayerNorm.bias from model.bert.encoder.layer.10.attention.output.LayerNorm.bias
2022-05-06T16:37:46 | INFO | mmf.utils.checkpoint : Copying model.bert.encoder.layer.10.intermediate.dense.weight from model.bert.encoder.layer.10.intermediate.dense.weight
2022-05-06T16:37:46 | INFO | mmf.utils.checkpoint : Copying model.bert.encoder.layer.10.intermediate.dense.bias from model.bert.encoder.layer.10.intermediate.dense.bias
2022-05-06T16:37:46 | INFO | mmf.utils.checkpoint : Copying model.bert.encoder.layer.10.output.dense.weight from model.bert.encoder.layer.10.output.dense.weight
2022-05-06T16:37:46 | INFO | mmf.utils.checkpoint : Copying model.bert.encoder.layer.10.output.dense.bias from model.bert.encoder.layer.10.output.dense.bias
2022-05-06T16:37:46 | INFO | mmf.utils.checkpoint : Copying model.bert.encoder.layer.10.output.LayerNorm.weight from model.bert.encoder.layer.10.output.LayerNorm.weight
2022-05-06T16:37:46 | INFO | mmf.utils.checkpoint : Copying model.bert.encoder.layer.10.output.LayerNorm.bias from model.bert.encoder.layer.10.output.LayerNorm.bias
2022-05-06T16:37:46 | INFO | mmf.utils.checkpoint : Copying model.bert.encoder.layer.11.attention.self.query.weight from model.bert.encoder.layer.11.attention.self.query.weight
2022-05-06T16:37:46 | INFO | mmf.utils.checkpoint : Copying model.bert.encoder.layer.11.attention.self.query.bias from model.bert.encoder.layer.11.attention.self.query.bias
2022-05-06T16:37:46 | INFO | mmf.utils.checkpoint : Copying model.bert.encoder.layer.11.attention.self.key.weight from model.bert.encoder.layer.11.attention.self.key.weight
2022-05-06T16:37:46 | INFO | mmf.utils.checkpoint : Copying model.bert.encoder.layer.11.attention.self.key.bias from model.bert.encoder.layer.11.attention.self.key.bias
2022-05-06T16:37:46 | INFO | mmf.utils.checkpoint : Copying model.bert.encoder.layer.11.attention.self.value.weight from model.bert.encoder.layer.11.attention.self.value.weight
2022-05-06T16:37:46 | INFO | mmf.utils.checkpoint : Copying model.bert.encoder.layer.11.attention.self.value.bias from model.bert.encoder.layer.11.attention.self.value.bias
2022-05-06T16:37:46 | INFO | mmf.utils.checkpoint : Copying model.bert.encoder.layer.11.attention.output.dense.weight from model.bert.encoder.layer.11.attention.output.dense.weight
2022-05-06T16:37:46 | INFO | mmf.utils.checkpoint : Copying model.bert.encoder.layer.11.attention.output.dense.bias from model.bert.encoder.layer.11.attention.output.dense.bias
2022-05-06T16:37:46 | INFO | mmf.utils.checkpoint : Copying model.bert.encoder.layer.11.attention.output.LayerNorm.weight from model.bert.encoder.layer.11.attention.output.LayerNorm.weight
2022-05-06T16:37:46 | INFO | mmf.utils.checkpoint : Copying model.bert.encoder.layer.11.attention.output.LayerNorm.bias from model.bert.encoder.layer.11.attention.output.LayerNorm.bias
2022-05-06T16:37:46 | INFO | mmf.utils.checkpoint : Copying model.bert.encoder.layer.11.intermediate.dense.weight from model.bert.encoder.layer.11.intermediate.dense.weight
2022-05-06T16:37:46 | INFO | mmf.utils.checkpoint : Copying model.bert.encoder.layer.11.intermediate.dense.bias from model.bert.encoder.layer.11.intermediate.dense.bias
2022-05-06T16:37:46 | INFO | mmf.utils.checkpoint : Copying model.bert.encoder.layer.11.output.dense.weight from model.bert.encoder.layer.11.output.dense.weight
2022-05-06T16:37:46 | INFO | mmf.utils.checkpoint : Copying model.bert.encoder.layer.11.output.dense.bias from model.bert.encoder.layer.11.output.dense.bias
2022-05-06T16:37:46 | INFO | mmf.utils.checkpoint : Copying model.bert.encoder.layer.11.output.LayerNorm.weight from model.bert.encoder.layer.11.output.LayerNorm.weight
2022-05-06T16:37:46 | INFO | mmf.utils.checkpoint : Copying model.bert.encoder.layer.11.output.LayerNorm.bias from model.bert.encoder.layer.11.output.LayerNorm.bias
2022-05-06T16:37:46 | INFO | mmf.utils.checkpoint : Copying model.bert.encoder.v_layer.0.attention.self.query.weight from model.bert.encoder.v_layer.0.attention.self.query.weight
2022-05-06T16:37:46 | INFO | mmf.utils.checkpoint : Copying model.bert.encoder.v_layer.0.attention.self.query.bias from model.bert.encoder.v_layer.0.attention.self.query.bias
2022-05-06T16:37:46 | INFO | mmf.utils.checkpoint : Copying model.bert.encoder.v_layer.0.attention.self.key.weight from model.bert.encoder.v_layer.0.attention.self.key.weight
2022-05-06T16:37:46 | INFO | mmf.utils.checkpoint : Copying model.bert.encoder.v_layer.0.attention.self.key.bias from model.bert.encoder.v_layer.0.attention.self.key.bias
2022-05-06T16:37:46 | INFO | mmf.utils.checkpoint : Copying model.bert.encoder.v_layer.0.attention.self.value.weight from model.bert.encoder.v_layer.0.attention.self.value.weight
2022-05-06T16:37:46 | INFO | mmf.utils.checkpoint : Copying model.bert.encoder.v_layer.0.attention.self.value.bias from model.bert.encoder.v_layer.0.attention.self.value.bias
2022-05-06T16:37:46 | INFO | mmf.utils.checkpoint : Copying model.bert.encoder.v_layer.0.attention.output.dense.weight from model.bert.encoder.v_layer.0.attention.output.dense.weight
2022-05-06T16:37:46 | INFO | mmf.utils.checkpoint : Copying model.bert.encoder.v_layer.0.attention.output.dense.bias from model.bert.encoder.v_layer.0.attention.output.dense.bias
2022-05-06T16:37:46 | INFO | mmf.utils.checkpoint : Copying model.bert.encoder.v_layer.0.attention.output.LayerNorm.weight from model.bert.encoder.v_layer.0.attention.output.LayerNorm.weight
2022-05-06T16:37:46 | INFO | mmf.utils.checkpoint : Copying model.bert.encoder.v_layer.0.attention.output.LayerNorm.bias from model.bert.encoder.v_layer.0.attention.output.LayerNorm.bias
2022-05-06T16:37:46 | INFO | mmf.utils.checkpoint : Copying model.bert.encoder.v_layer.0.intermediate.dense.weight from model.bert.encoder.v_layer.0.intermediate.dense.weight
2022-05-06T16:37:46 | INFO | mmf.utils.checkpoint : Copying model.bert.encoder.v_layer.0.intermediate.dense.bias from model.bert.encoder.v_layer.0.intermediate.dense.bias
2022-05-06T16:37:46 | INFO | mmf.utils.checkpoint : Copying model.bert.encoder.v_layer.0.output.dense.weight from model.bert.encoder.v_layer.0.output.dense.weight
2022-05-06T16:37:46 | INFO | mmf.utils.checkpoint : Copying model.bert.encoder.v_layer.0.output.dense.bias from model.bert.encoder.v_layer.0.output.dense.bias
2022-05-06T16:37:46 | INFO | mmf.utils.checkpoint : Copying model.bert.encoder.v_layer.0.output.LayerNorm.weight from model.bert.encoder.v_layer.0.output.LayerNorm.weight
2022-05-06T16:37:46 | INFO | mmf.utils.checkpoint : Copying model.bert.encoder.v_layer.0.output.LayerNorm.bias from model.bert.encoder.v_layer.0.output.LayerNorm.bias
2022-05-06T16:37:46 | INFO | mmf.utils.checkpoint : Copying model.bert.encoder.v_layer.1.attention.self.query.weight from model.bert.encoder.v_layer.1.attention.self.query.weight
2022-05-06T16:37:46 | INFO | mmf.utils.checkpoint : Copying model.bert.encoder.v_layer.1.attention.self.query.bias from model.bert.encoder.v_layer.1.attention.self.query.bias
2022-05-06T16:37:46 | INFO | mmf.utils.checkpoint : Copying model.bert.encoder.v_layer.1.attention.self.key.weight from model.bert.encoder.v_layer.1.attention.self.key.weight
2022-05-06T16:37:46 | INFO | mmf.utils.checkpoint : Copying model.bert.encoder.v_layer.1.attention.self.key.bias from model.bert.encoder.v_layer.1.attention.self.key.bias
2022-05-06T16:37:46 | INFO | mmf.utils.checkpoint : Copying model.bert.encoder.v_layer.1.attention.self.value.weight from model.bert.encoder.v_layer.1.attention.self.value.weight
2022-05-06T16:37:46 | INFO | mmf.utils.checkpoint : Copying model.bert.encoder.v_layer.1.attention.self.value.bias from model.bert.encoder.v_layer.1.attention.self.value.bias
2022-05-06T16:37:46 | INFO | mmf.utils.checkpoint : Copying model.bert.encoder.v_layer.1.attention.output.dense.weight from model.bert.encoder.v_layer.1.attention.output.dense.weight
2022-05-06T16:37:46 | INFO | mmf.utils.checkpoint : Copying model.bert.encoder.v_layer.1.attention.output.dense.bias from model.bert.encoder.v_layer.1.attention.output.dense.bias
2022-05-06T16:37:46 | INFO | mmf.utils.checkpoint : Copying model.bert.encoder.v_layer.1.attention.output.LayerNorm.weight from model.bert.encoder.v_layer.1.attention.output.LayerNorm.weight
2022-05-06T16:37:46 | INFO | mmf.utils.checkpoint : Copying model.bert.encoder.v_layer.1.attention.output.LayerNorm.bias from model.bert.encoder.v_layer.1.attention.output.LayerNorm.bias
2022-05-06T16:37:46 | INFO | mmf.utils.checkpoint : Copying model.bert.encoder.v_layer.1.intermediate.dense.weight from model.bert.encoder.v_layer.1.intermediate.dense.weight
2022-05-06T16:37:46 | INFO | mmf.utils.checkpoint : Copying model.bert.encoder.v_layer.1.intermediate.dense.bias from model.bert.encoder.v_layer.1.intermediate.dense.bias
2022-05-06T16:37:46 | INFO | mmf.utils.checkpoint : Copying model.bert.encoder.v_layer.1.output.dense.weight from model.bert.encoder.v_layer.1.output.dense.weight
2022-05-06T16:37:46 | INFO | mmf.utils.checkpoint : Copying model.bert.encoder.v_layer.1.output.dense.bias from model.bert.encoder.v_layer.1.output.dense.bias
2022-05-06T16:37:46 | INFO | mmf.utils.checkpoint : Copying model.bert.encoder.v_layer.1.output.LayerNorm.weight from model.bert.encoder.v_layer.1.output.LayerNorm.weight
2022-05-06T16:37:46 | INFO | mmf.utils.checkpoint : Copying model.bert.encoder.v_layer.1.output.LayerNorm.bias from model.bert.encoder.v_layer.1.output.LayerNorm.bias
2022-05-06T16:37:46 | INFO | mmf.utils.checkpoint : Copying model.bert.encoder.v_layer.2.attention.self.query.weight from model.bert.encoder.v_layer.2.attention.self.query.weight
2022-05-06T16:37:46 | INFO | mmf.utils.checkpoint : Copying model.bert.encoder.v_layer.2.attention.self.query.bias from model.bert.encoder.v_layer.2.attention.self.query.bias
2022-05-06T16:37:46 | INFO | mmf.utils.checkpoint : Copying model.bert.encoder.v_layer.2.attention.self.key.weight from model.bert.encoder.v_layer.2.attention.self.key.weight
2022-05-06T16:37:46 | INFO | mmf.utils.checkpoint : Copying model.bert.encoder.v_layer.2.attention.self.key.bias from model.bert.encoder.v_layer.2.attention.self.key.bias
2022-05-06T16:37:46 | INFO | mmf.utils.checkpoint : Copying model.bert.encoder.v_layer.2.attention.self.value.weight from model.bert.encoder.v_layer.2.attention.self.value.weight
2022-05-06T16:37:46 | INFO | mmf.utils.checkpoint : Copying model.bert.encoder.v_layer.2.attention.self.value.bias from model.bert.encoder.v_layer.2.attention.self.value.bias
2022-05-06T16:37:46 | INFO | mmf.utils.checkpoint : Copying model.bert.encoder.v_layer.2.attention.output.dense.weight from model.bert.encoder.v_layer.2.attention.output.dense.weight
2022-05-06T16:37:46 | INFO | mmf.utils.checkpoint : Copying model.bert.encoder.v_layer.2.attention.output.dense.bias from model.bert.encoder.v_layer.2.attention.output.dense.bias
2022-05-06T16:37:46 | INFO | mmf.utils.checkpoint : Copying model.bert.encoder.v_layer.2.attention.output.LayerNorm.weight from model.bert.encoder.v_layer.2.attention.output.LayerNorm.weight
2022-05-06T16:37:46 | INFO | mmf.utils.checkpoint : Copying model.bert.encoder.v_layer.2.attention.output.LayerNorm.bias from model.bert.encoder.v_layer.2.attention.output.LayerNorm.bias
2022-05-06T16:37:46 | INFO | mmf.utils.checkpoint : Copying model.bert.encoder.v_layer.2.intermediate.dense.weight from model.bert.encoder.v_layer.2.intermediate.dense.weight
2022-05-06T16:37:46 | INFO | mmf.utils.checkpoint : Copying model.bert.encoder.v_layer.2.intermediate.dense.bias from model.bert.encoder.v_layer.2.intermediate.dense.bias
2022-05-06T16:37:46 | INFO | mmf.utils.checkpoint : Copying model.bert.encoder.v_layer.2.output.dense.weight from model.bert.encoder.v_layer.2.output.dense.weight
2022-05-06T16:37:46 | INFO | mmf.utils.checkpoint : Copying model.bert.encoder.v_layer.2.output.dense.bias from model.bert.encoder.v_layer.2.output.dense.bias
2022-05-06T16:37:46 | INFO | mmf.utils.checkpoint : Copying model.bert.encoder.v_layer.2.output.LayerNorm.weight from model.bert.encoder.v_layer.2.output.LayerNorm.weight
2022-05-06T16:37:46 | INFO | mmf.utils.checkpoint : Copying model.bert.encoder.v_layer.2.output.LayerNorm.bias from model.bert.encoder.v_layer.2.output.LayerNorm.bias
2022-05-06T16:37:46 | INFO | mmf.utils.checkpoint : Copying model.bert.encoder.v_layer.3.attention.self.query.weight from model.bert.encoder.v_layer.3.attention.self.query.weight
2022-05-06T16:37:46 | INFO | mmf.utils.checkpoint : Copying model.bert.encoder.v_layer.3.attention.self.query.bias from model.bert.encoder.v_layer.3.attention.self.query.bias
2022-05-06T16:37:46 | INFO | mmf.utils.checkpoint : Copying model.bert.encoder.v_layer.3.attention.self.key.weight from model.bert.encoder.v_layer.3.attention.self.key.weight
2022-05-06T16:37:46 | INFO | mmf.utils.checkpoint : Copying model.bert.encoder.v_layer.3.attention.self.key.bias from model.bert.encoder.v_layer.3.attention.self.key.bias
2022-05-06T16:37:46 | INFO | mmf.utils.checkpoint : Copying model.bert.encoder.v_layer.3.attention.self.value.weight from model.bert.encoder.v_layer.3.attention.self.value.weight
2022-05-06T16:37:46 | INFO | mmf.utils.checkpoint : Copying model.bert.encoder.v_layer.3.attention.self.value.bias from model.bert.encoder.v_layer.3.attention.self.value.bias
2022-05-06T16:37:46 | INFO | mmf.utils.checkpoint : Copying model.bert.encoder.v_layer.3.attention.output.dense.weight from model.bert.encoder.v_layer.3.attention.output.dense.weight
2022-05-06T16:37:46 | INFO | mmf.utils.checkpoint : Copying model.bert.encoder.v_layer.3.attention.output.dense.bias from model.bert.encoder.v_layer.3.attention.output.dense.bias
2022-05-06T16:37:46 | INFO | mmf.utils.checkpoint : Copying model.bert.encoder.v_layer.3.attention.output.LayerNorm.weight from model.bert.encoder.v_layer.3.attention.output.LayerNorm.weight
2022-05-06T16:37:46 | INFO | mmf.utils.checkpoint : Copying model.bert.encoder.v_layer.3.attention.output.LayerNorm.bias from model.bert.encoder.v_layer.3.attention.output.LayerNorm.bias
2022-05-06T16:37:46 | INFO | mmf.utils.checkpoint : Copying model.bert.encoder.v_layer.3.intermediate.dense.weight from model.bert.encoder.v_layer.3.intermediate.dense.weight
2022-05-06T16:37:46 | INFO | mmf.utils.checkpoint : Copying model.bert.encoder.v_layer.3.intermediate.dense.bias from model.bert.encoder.v_layer.3.intermediate.dense.bias
2022-05-06T16:37:46 | INFO | mmf.utils.checkpoint : Copying model.bert.encoder.v_layer.3.output.dense.weight from model.bert.encoder.v_layer.3.output.dense.weight
2022-05-06T16:37:46 | INFO | mmf.utils.checkpoint : Copying model.bert.encoder.v_layer.3.output.dense.bias from model.bert.encoder.v_layer.3.output.dense.bias
2022-05-06T16:37:46 | INFO | mmf.utils.checkpoint : Copying model.bert.encoder.v_layer.3.output.LayerNorm.weight from model.bert.encoder.v_layer.3.output.LayerNorm.weight
2022-05-06T16:37:46 | INFO | mmf.utils.checkpoint : Copying model.bert.encoder.v_layer.3.output.LayerNorm.bias from model.bert.encoder.v_layer.3.output.LayerNorm.bias
2022-05-06T16:37:46 | INFO | mmf.utils.checkpoint : Copying model.bert.encoder.v_layer.4.attention.self.query.weight from model.bert.encoder.v_layer.4.attention.self.query.weight
2022-05-06T16:37:46 | INFO | mmf.utils.checkpoint : Copying model.bert.encoder.v_layer.4.attention.self.query.bias from model.bert.encoder.v_layer.4.attention.self.query.bias
2022-05-06T16:37:46 | INFO | mmf.utils.checkpoint : Copying model.bert.encoder.v_layer.4.attention.self.key.weight from model.bert.encoder.v_layer.4.attention.self.key.weight
2022-05-06T16:37:46 | INFO | mmf.utils.checkpoint : Copying model.bert.encoder.v_layer.4.attention.self.key.bias from model.bert.encoder.v_layer.4.attention.self.key.bias
2022-05-06T16:37:46 | INFO | mmf.utils.checkpoint : Copying model.bert.encoder.v_layer.4.attention.self.value.weight from model.bert.encoder.v_layer.4.attention.self.value.weight
2022-05-06T16:37:46 | INFO | mmf.utils.checkpoint : Copying model.bert.encoder.v_layer.4.attention.self.value.bias from model.bert.encoder.v_layer.4.attention.self.value.bias
2022-05-06T16:37:46 | INFO | mmf.utils.checkpoint : Copying model.bert.encoder.v_layer.4.attention.output.dense.weight from model.bert.encoder.v_layer.4.attention.output.dense.weight
2022-05-06T16:37:46 | INFO | mmf.utils.checkpoint : Copying model.bert.encoder.v_layer.4.attention.output.dense.bias from model.bert.encoder.v_layer.4.attention.output.dense.bias
2022-05-06T16:37:46 | INFO | mmf.utils.checkpoint : Copying model.bert.encoder.v_layer.4.attention.output.LayerNorm.weight from model.bert.encoder.v_layer.4.attention.output.LayerNorm.weight
2022-05-06T16:37:46 | INFO | mmf.utils.checkpoint : Copying model.bert.encoder.v_layer.4.attention.output.LayerNorm.bias from model.bert.encoder.v_layer.4.attention.output.LayerNorm.bias
2022-05-06T16:37:46 | INFO | mmf.utils.checkpoint : Copying model.bert.encoder.v_layer.4.intermediate.dense.weight from model.bert.encoder.v_layer.4.intermediate.dense.weight
2022-05-06T16:37:46 | INFO | mmf.utils.checkpoint : Copying model.bert.encoder.v_layer.4.intermediate.dense.bias from model.bert.encoder.v_layer.4.intermediate.dense.bias
2022-05-06T16:37:46 | INFO | mmf.utils.checkpoint : Copying model.bert.encoder.v_layer.4.output.dense.weight from model.bert.encoder.v_layer.4.output.dense.weight
2022-05-06T16:37:46 | INFO | mmf.utils.checkpoint : Copying model.bert.encoder.v_layer.4.output.dense.bias from model.bert.encoder.v_layer.4.output.dense.bias
2022-05-06T16:37:46 | INFO | mmf.utils.checkpoint : Copying model.bert.encoder.v_layer.4.output.LayerNorm.weight from model.bert.encoder.v_layer.4.output.LayerNorm.weight
2022-05-06T16:37:46 | INFO | mmf.utils.checkpoint : Copying model.bert.encoder.v_layer.4.output.LayerNorm.bias from model.bert.encoder.v_layer.4.output.LayerNorm.bias
2022-05-06T16:37:46 | INFO | mmf.utils.checkpoint : Copying model.bert.encoder.v_layer.5.attention.self.query.weight from model.bert.encoder.v_layer.5.attention.self.query.weight
2022-05-06T16:37:46 | INFO | mmf.utils.checkpoint : Copying model.bert.encoder.v_layer.5.attention.self.query.bias from model.bert.encoder.v_layer.5.attention.self.query.bias
2022-05-06T16:37:46 | INFO | mmf.utils.checkpoint : Copying model.bert.encoder.v_layer.5.attention.self.key.weight from model.bert.encoder.v_layer.5.attention.self.key.weight
2022-05-06T16:37:46 | INFO | mmf.utils.checkpoint : Copying model.bert.encoder.v_layer.5.attention.self.key.bias from model.bert.encoder.v_layer.5.attention.self.key.bias
2022-05-06T16:37:46 | INFO | mmf.utils.checkpoint : Copying model.bert.encoder.v_layer.5.attention.self.value.weight from model.bert.encoder.v_layer.5.attention.self.value.weight
2022-05-06T16:37:46 | INFO | mmf.utils.checkpoint : Copying model.bert.encoder.v_layer.5.attention.self.value.bias from model.bert.encoder.v_layer.5.attention.self.value.bias
2022-05-06T16:37:46 | INFO | mmf.utils.checkpoint : Copying model.bert.encoder.v_layer.5.attention.output.dense.weight from model.bert.encoder.v_layer.5.attention.output.dense.weight
2022-05-06T16:37:46 | INFO | mmf.utils.checkpoint : Copying model.bert.encoder.v_layer.5.attention.output.dense.bias from model.bert.encoder.v_layer.5.attention.output.dense.bias
2022-05-06T16:37:46 | INFO | mmf.utils.checkpoint : Copying model.bert.encoder.v_layer.5.attention.output.LayerNorm.weight from model.bert.encoder.v_layer.5.attention.output.LayerNorm.weight
2022-05-06T16:37:46 | INFO | mmf.utils.checkpoint : Copying model.bert.encoder.v_layer.5.attention.output.LayerNorm.bias from model.bert.encoder.v_layer.5.attention.output.LayerNorm.bias
2022-05-06T16:37:46 | INFO | mmf.utils.checkpoint : Copying model.bert.encoder.v_layer.5.intermediate.dense.weight from model.bert.encoder.v_layer.5.intermediate.dense.weight
2022-05-06T16:37:46 | INFO | mmf.utils.checkpoint : Copying model.bert.encoder.v_layer.5.intermediate.dense.bias from model.bert.encoder.v_layer.5.intermediate.dense.bias
2022-05-06T16:37:46 | INFO | mmf.utils.checkpoint : Copying model.bert.encoder.v_layer.5.output.dense.weight from model.bert.encoder.v_layer.5.output.dense.weight
2022-05-06T16:37:46 | INFO | mmf.utils.checkpoint : Copying model.bert.encoder.v_layer.5.output.dense.bias from model.bert.encoder.v_layer.5.output.dense.bias
2022-05-06T16:37:46 | INFO | mmf.utils.checkpoint : Copying model.bert.encoder.v_layer.5.output.LayerNorm.weight from model.bert.encoder.v_layer.5.output.LayerNorm.weight
2022-05-06T16:37:46 | INFO | mmf.utils.checkpoint : Copying model.bert.encoder.v_layer.5.output.LayerNorm.bias from model.bert.encoder.v_layer.5.output.LayerNorm.bias
2022-05-06T16:37:46 | INFO | mmf.utils.checkpoint : Copying model.bert.encoder.c_layer.0.biattention.query1.weight from model.bert.encoder.c_layer.0.biattention.query1.weight
2022-05-06T16:37:46 | INFO | mmf.utils.checkpoint : Copying model.bert.encoder.c_layer.0.biattention.query1.bias from model.bert.encoder.c_layer.0.biattention.query1.bias
2022-05-06T16:37:46 | INFO | mmf.utils.checkpoint : Copying model.bert.encoder.c_layer.0.biattention.key1.weight from model.bert.encoder.c_layer.0.biattention.key1.weight
2022-05-06T16:37:46 | INFO | mmf.utils.checkpoint : Copying model.bert.encoder.c_layer.0.biattention.key1.bias from model.bert.encoder.c_layer.0.biattention.key1.bias
2022-05-06T16:37:46 | INFO | mmf.utils.checkpoint : Copying model.bert.encoder.c_layer.0.biattention.value1.weight from model.bert.encoder.c_layer.0.biattention.value1.weight
2022-05-06T16:37:46 | INFO | mmf.utils.checkpoint : Copying model.bert.encoder.c_layer.0.biattention.value1.bias from model.bert.encoder.c_layer.0.biattention.value1.bias
2022-05-06T16:37:46 | INFO | mmf.utils.checkpoint : Copying model.bert.encoder.c_layer.0.biattention.query2.weight from model.bert.encoder.c_layer.0.biattention.query2.weight
2022-05-06T16:37:46 | INFO | mmf.utils.checkpoint : Copying model.bert.encoder.c_layer.0.biattention.query2.bias from model.bert.encoder.c_layer.0.biattention.query2.bias
2022-05-06T16:37:46 | INFO | mmf.utils.checkpoint : Copying model.bert.encoder.c_layer.0.biattention.key2.weight from model.bert.encoder.c_layer.0.biattention.key2.weight
2022-05-06T16:37:46 | INFO | mmf.utils.checkpoint : Copying model.bert.encoder.c_layer.0.biattention.key2.bias from model.bert.encoder.c_layer.0.biattention.key2.bias
2022-05-06T16:37:46 | INFO | mmf.utils.checkpoint : Copying model.bert.encoder.c_layer.0.biattention.value2.weight from model.bert.encoder.c_layer.0.biattention.value2.weight
2022-05-06T16:37:46 | INFO | mmf.utils.checkpoint : Copying model.bert.encoder.c_layer.0.biattention.value2.bias from model.bert.encoder.c_layer.0.biattention.value2.bias
2022-05-06T16:37:46 | INFO | mmf.utils.checkpoint : Copying model.bert.encoder.c_layer.0.biOutput.dense1.weight from model.bert.encoder.c_layer.0.biOutput.dense1.weight
2022-05-06T16:37:46 | INFO | mmf.utils.checkpoint : Copying model.bert.encoder.c_layer.0.biOutput.dense1.bias from model.bert.encoder.c_layer.0.biOutput.dense1.bias
2022-05-06T16:37:46 | INFO | mmf.utils.checkpoint : Copying model.bert.encoder.c_layer.0.biOutput.LayerNorm1.weight from model.bert.encoder.c_layer.0.biOutput.LayerNorm1.weight
2022-05-06T16:37:46 | INFO | mmf.utils.checkpoint : Copying model.bert.encoder.c_layer.0.biOutput.LayerNorm1.bias from model.bert.encoder.c_layer.0.biOutput.LayerNorm1.bias
2022-05-06T16:37:46 | INFO | mmf.utils.checkpoint : Copying model.bert.encoder.c_layer.0.biOutput.q_dense1.weight from model.bert.encoder.c_layer.0.biOutput.q_dense1.weight
2022-05-06T16:37:46 | INFO | mmf.utils.checkpoint : Copying model.bert.encoder.c_layer.0.biOutput.q_dense1.bias from model.bert.encoder.c_layer.0.biOutput.q_dense1.bias
2022-05-06T16:37:46 | INFO | mmf.utils.checkpoint : Copying model.bert.encoder.c_layer.0.biOutput.dense2.weight from model.bert.encoder.c_layer.0.biOutput.dense2.weight
2022-05-06T16:37:46 | INFO | mmf.utils.checkpoint : Copying model.bert.encoder.c_layer.0.biOutput.dense2.bias from model.bert.encoder.c_layer.0.biOutput.dense2.bias
2022-05-06T16:37:46 | INFO | mmf.utils.checkpoint : Copying model.bert.encoder.c_layer.0.biOutput.LayerNorm2.weight from model.bert.encoder.c_layer.0.biOutput.LayerNorm2.weight
2022-05-06T16:37:46 | INFO | mmf.utils.checkpoint : Copying model.bert.encoder.c_layer.0.biOutput.LayerNorm2.bias from model.bert.encoder.c_layer.0.biOutput.LayerNorm2.bias
2022-05-06T16:37:46 | INFO | mmf.utils.checkpoint : Copying model.bert.encoder.c_layer.0.biOutput.q_dense2.weight from model.bert.encoder.c_layer.0.biOutput.q_dense2.weight
2022-05-06T16:37:46 | INFO | mmf.utils.checkpoint : Copying model.bert.encoder.c_layer.0.biOutput.q_dense2.bias from model.bert.encoder.c_layer.0.biOutput.q_dense2.bias
2022-05-06T16:37:46 | INFO | mmf.utils.checkpoint : Copying model.bert.encoder.c_layer.0.v_intermediate.dense.weight from model.bert.encoder.c_layer.0.v_intermediate.dense.weight
2022-05-06T16:37:46 | INFO | mmf.utils.checkpoint : Copying model.bert.encoder.c_layer.0.v_intermediate.dense.bias from model.bert.encoder.c_layer.0.v_intermediate.dense.bias
2022-05-06T16:37:46 | INFO | mmf.utils.checkpoint : Copying model.bert.encoder.c_layer.0.v_output.dense.weight from model.bert.encoder.c_layer.0.v_output.dense.weight
2022-05-06T16:37:46 | INFO | mmf.utils.checkpoint : Copying model.bert.encoder.c_layer.0.v_output.dense.bias from model.bert.encoder.c_layer.0.v_output.dense.bias
2022-05-06T16:37:46 | INFO | mmf.utils.checkpoint : Copying model.bert.encoder.c_layer.0.v_output.LayerNorm.weight from model.bert.encoder.c_layer.0.v_output.LayerNorm.weight
2022-05-06T16:37:46 | INFO | mmf.utils.checkpoint : Copying model.bert.encoder.c_layer.0.v_output.LayerNorm.bias from model.bert.encoder.c_layer.0.v_output.LayerNorm.bias
2022-05-06T16:37:46 | INFO | mmf.utils.checkpoint : Copying model.bert.encoder.c_layer.0.t_intermediate.dense.weight from model.bert.encoder.c_layer.0.t_intermediate.dense.weight
2022-05-06T16:37:46 | INFO | mmf.utils.checkpoint : Copying model.bert.encoder.c_layer.0.t_intermediate.dense.bias from model.bert.encoder.c_layer.0.t_intermediate.dense.bias
2022-05-06T16:37:46 | INFO | mmf.utils.checkpoint : Copying model.bert.encoder.c_layer.0.t_output.dense.weight from model.bert.encoder.c_layer.0.t_output.dense.weight
2022-05-06T16:37:46 | INFO | mmf.utils.checkpoint : Copying model.bert.encoder.c_layer.0.t_output.dense.bias from model.bert.encoder.c_layer.0.t_output.dense.bias
2022-05-06T16:37:46 | INFO | mmf.utils.checkpoint : Copying model.bert.encoder.c_layer.0.t_output.LayerNorm.weight from model.bert.encoder.c_layer.0.t_output.LayerNorm.weight
2022-05-06T16:37:46 | INFO | mmf.utils.checkpoint : Copying model.bert.encoder.c_layer.0.t_output.LayerNorm.bias from model.bert.encoder.c_layer.0.t_output.LayerNorm.bias
2022-05-06T16:37:46 | INFO | mmf.utils.checkpoint : Copying model.bert.encoder.c_layer.1.biattention.query1.weight from model.bert.encoder.c_layer.1.biattention.query1.weight
2022-05-06T16:37:46 | INFO | mmf.utils.checkpoint : Copying model.bert.encoder.c_layer.1.biattention.query1.bias from model.bert.encoder.c_layer.1.biattention.query1.bias
2022-05-06T16:37:46 | INFO | mmf.utils.checkpoint : Copying model.bert.encoder.c_layer.1.biattention.key1.weight from model.bert.encoder.c_layer.1.biattention.key1.weight
2022-05-06T16:37:46 | INFO | mmf.utils.checkpoint : Copying model.bert.encoder.c_layer.1.biattention.key1.bias from model.bert.encoder.c_layer.1.biattention.key1.bias
2022-05-06T16:37:46 | INFO | mmf.utils.checkpoint : Copying model.bert.encoder.c_layer.1.biattention.value1.weight from model.bert.encoder.c_layer.1.biattention.value1.weight
2022-05-06T16:37:46 | INFO | mmf.utils.checkpoint : Copying model.bert.encoder.c_layer.1.biattention.value1.bias from model.bert.encoder.c_layer.1.biattention.value1.bias
2022-05-06T16:37:46 | INFO | mmf.utils.checkpoint : Copying model.bert.encoder.c_layer.1.biattention.query2.weight from model.bert.encoder.c_layer.1.biattention.query2.weight
2022-05-06T16:37:46 | INFO | mmf.utils.checkpoint : Copying model.bert.encoder.c_layer.1.biattention.query2.bias from model.bert.encoder.c_layer.1.biattention.query2.bias
2022-05-06T16:37:46 | INFO | mmf.utils.checkpoint : Copying model.bert.encoder.c_layer.1.biattention.key2.weight from model.bert.encoder.c_layer.1.biattention.key2.weight
2022-05-06T16:37:46 | INFO | mmf.utils.checkpoint : Copying model.bert.encoder.c_layer.1.biattention.key2.bias from model.bert.encoder.c_layer.1.biattention.key2.bias
2022-05-06T16:37:46 | INFO | mmf.utils.checkpoint : Copying model.bert.encoder.c_layer.1.biattention.value2.weight from model.bert.encoder.c_layer.1.biattention.value2.weight
2022-05-06T16:37:46 | INFO | mmf.utils.checkpoint : Copying model.bert.encoder.c_layer.1.biattention.value2.bias from model.bert.encoder.c_layer.1.biattention.value2.bias
2022-05-06T16:37:46 | INFO | mmf.utils.checkpoint : Copying model.bert.encoder.c_layer.1.biOutput.dense1.weight from model.bert.encoder.c_layer.1.biOutput.dense1.weight
2022-05-06T16:37:46 | INFO | mmf.utils.checkpoint : Copying model.bert.encoder.c_layer.1.biOutput.dense1.bias from model.bert.encoder.c_layer.1.biOutput.dense1.bias
2022-05-06T16:37:46 | INFO | mmf.utils.checkpoint : Copying model.bert.encoder.c_layer.1.biOutput.LayerNorm1.weight from model.bert.encoder.c_layer.1.biOutput.LayerNorm1.weight
2022-05-06T16:37:46 | INFO | mmf.utils.checkpoint : Copying model.bert.encoder.c_layer.1.biOutput.LayerNorm1.bias from model.bert.encoder.c_layer.1.biOutput.LayerNorm1.bias
2022-05-06T16:37:46 | INFO | mmf.utils.checkpoint : Copying model.bert.encoder.c_layer.1.biOutput.q_dense1.weight from model.bert.encoder.c_layer.1.biOutput.q_dense1.weight
2022-05-06T16:37:46 | INFO | mmf.utils.checkpoint : Copying model.bert.encoder.c_layer.1.biOutput.q_dense1.bias from model.bert.encoder.c_layer.1.biOutput.q_dense1.bias
2022-05-06T16:37:46 | INFO | mmf.utils.checkpoint : Copying model.bert.encoder.c_layer.1.biOutput.dense2.weight from model.bert.encoder.c_layer.1.biOutput.dense2.weight
2022-05-06T16:37:46 | INFO | mmf.utils.checkpoint : Copying model.bert.encoder.c_layer.1.biOutput.dense2.bias from model.bert.encoder.c_layer.1.biOutput.dense2.bias
2022-05-06T16:37:46 | INFO | mmf.utils.checkpoint : Copying model.bert.encoder.c_layer.1.biOutput.LayerNorm2.weight from model.bert.encoder.c_layer.1.biOutput.LayerNorm2.weight
2022-05-06T16:37:46 | INFO | mmf.utils.checkpoint : Copying model.bert.encoder.c_layer.1.biOutput.LayerNorm2.bias from model.bert.encoder.c_layer.1.biOutput.LayerNorm2.bias
2022-05-06T16:37:46 | INFO | mmf.utils.checkpoint : Copying model.bert.encoder.c_layer.1.biOutput.q_dense2.weight from model.bert.encoder.c_layer.1.biOutput.q_dense2.weight
2022-05-06T16:37:46 | INFO | mmf.utils.checkpoint : Copying model.bert.encoder.c_layer.1.biOutput.q_dense2.bias from model.bert.encoder.c_layer.1.biOutput.q_dense2.bias
2022-05-06T16:37:46 | INFO | mmf.utils.checkpoint : Copying model.bert.encoder.c_layer.1.v_intermediate.dense.weight from model.bert.encoder.c_layer.1.v_intermediate.dense.weight
2022-05-06T16:37:46 | INFO | mmf.utils.checkpoint : Copying model.bert.encoder.c_layer.1.v_intermediate.dense.bias from model.bert.encoder.c_layer.1.v_intermediate.dense.bias
2022-05-06T16:37:46 | INFO | mmf.utils.checkpoint : Copying model.bert.encoder.c_layer.1.v_output.dense.weight from model.bert.encoder.c_layer.1.v_output.dense.weight
2022-05-06T16:37:46 | INFO | mmf.utils.checkpoint : Copying model.bert.encoder.c_layer.1.v_output.dense.bias from model.bert.encoder.c_layer.1.v_output.dense.bias
2022-05-06T16:37:46 | INFO | mmf.utils.checkpoint : Copying model.bert.encoder.c_layer.1.v_output.LayerNorm.weight from model.bert.encoder.c_layer.1.v_output.LayerNorm.weight
2022-05-06T16:37:46 | INFO | mmf.utils.checkpoint : Copying model.bert.encoder.c_layer.1.v_output.LayerNorm.bias from model.bert.encoder.c_layer.1.v_output.LayerNorm.bias
2022-05-06T16:37:46 | INFO | mmf.utils.checkpoint : Copying model.bert.encoder.c_layer.1.t_intermediate.dense.weight from model.bert.encoder.c_layer.1.t_intermediate.dense.weight
2022-05-06T16:37:46 | INFO | mmf.utils.checkpoint : Copying model.bert.encoder.c_layer.1.t_intermediate.dense.bias from model.bert.encoder.c_layer.1.t_intermediate.dense.bias
2022-05-06T16:37:46 | INFO | mmf.utils.checkpoint : Copying model.bert.encoder.c_layer.1.t_output.dense.weight from model.bert.encoder.c_layer.1.t_output.dense.weight
2022-05-06T16:37:46 | INFO | mmf.utils.checkpoint : Copying model.bert.encoder.c_layer.1.t_output.dense.bias from model.bert.encoder.c_layer.1.t_output.dense.bias
2022-05-06T16:37:46 | INFO | mmf.utils.checkpoint : Copying model.bert.encoder.c_layer.1.t_output.LayerNorm.weight from model.bert.encoder.c_layer.1.t_output.LayerNorm.weight
2022-05-06T16:37:46 | INFO | mmf.utils.checkpoint : Copying model.bert.encoder.c_layer.1.t_output.LayerNorm.bias from model.bert.encoder.c_layer.1.t_output.LayerNorm.bias
2022-05-06T16:37:46 | INFO | mmf.utils.checkpoint : Copying model.bert.encoder.c_layer.2.biattention.query1.weight from model.bert.encoder.c_layer.2.biattention.query1.weight
2022-05-06T16:37:46 | INFO | mmf.utils.checkpoint : Copying model.bert.encoder.c_layer.2.biattention.query1.bias from model.bert.encoder.c_layer.2.biattention.query1.bias
2022-05-06T16:37:46 | INFO | mmf.utils.checkpoint : Copying model.bert.encoder.c_layer.2.biattention.key1.weight from model.bert.encoder.c_layer.2.biattention.key1.weight
2022-05-06T16:37:46 | INFO | mmf.utils.checkpoint : Copying model.bert.encoder.c_layer.2.biattention.key1.bias from model.bert.encoder.c_layer.2.biattention.key1.bias
2022-05-06T16:37:46 | INFO | mmf.utils.checkpoint : Copying model.bert.encoder.c_layer.2.biattention.value1.weight from model.bert.encoder.c_layer.2.biattention.value1.weight
2022-05-06T16:37:46 | INFO | mmf.utils.checkpoint : Copying model.bert.encoder.c_layer.2.biattention.value1.bias from model.bert.encoder.c_layer.2.biattention.value1.bias
2022-05-06T16:37:46 | INFO | mmf.utils.checkpoint : Copying model.bert.encoder.c_layer.2.biattention.query2.weight from model.bert.encoder.c_layer.2.biattention.query2.weight
2022-05-06T16:37:46 | INFO | mmf.utils.checkpoint : Copying model.bert.encoder.c_layer.2.biattention.query2.bias from model.bert.encoder.c_layer.2.biattention.query2.bias
2022-05-06T16:37:46 | INFO | mmf.utils.checkpoint : Copying model.bert.encoder.c_layer.2.biattention.key2.weight from model.bert.encoder.c_layer.2.biattention.key2.weight
2022-05-06T16:37:46 | INFO | mmf.utils.checkpoint : Copying model.bert.encoder.c_layer.2.biattention.key2.bias from model.bert.encoder.c_layer.2.biattention.key2.bias
2022-05-06T16:37:46 | INFO | mmf.utils.checkpoint : Copying model.bert.encoder.c_layer.2.biattention.value2.weight from model.bert.encoder.c_layer.2.biattention.value2.weight
2022-05-06T16:37:46 | INFO | mmf.utils.checkpoint : Copying model.bert.encoder.c_layer.2.biattention.value2.bias from model.bert.encoder.c_layer.2.biattention.value2.bias
2022-05-06T16:37:46 | INFO | mmf.utils.checkpoint : Copying model.bert.encoder.c_layer.2.biOutput.dense1.weight from model.bert.encoder.c_layer.2.biOutput.dense1.weight
2022-05-06T16:37:46 | INFO | mmf.utils.checkpoint : Copying model.bert.encoder.c_layer.2.biOutput.dense1.bias from model.bert.encoder.c_layer.2.biOutput.dense1.bias
2022-05-06T16:37:46 | INFO | mmf.utils.checkpoint : Copying model.bert.encoder.c_layer.2.biOutput.LayerNorm1.weight from model.bert.encoder.c_layer.2.biOutput.LayerNorm1.weight
2022-05-06T16:37:46 | INFO | mmf.utils.checkpoint : Copying model.bert.encoder.c_layer.2.biOutput.LayerNorm1.bias from model.bert.encoder.c_layer.2.biOutput.LayerNorm1.bias
2022-05-06T16:37:46 | INFO | mmf.utils.checkpoint : Copying model.bert.encoder.c_layer.2.biOutput.q_dense1.weight from model.bert.encoder.c_layer.2.biOutput.q_dense1.weight
2022-05-06T16:37:46 | INFO | mmf.utils.checkpoint : Copying model.bert.encoder.c_layer.2.biOutput.q_dense1.bias from model.bert.encoder.c_layer.2.biOutput.q_dense1.bias
2022-05-06T16:37:46 | INFO | mmf.utils.checkpoint : Copying model.bert.encoder.c_layer.2.biOutput.dense2.weight from model.bert.encoder.c_layer.2.biOutput.dense2.weight
2022-05-06T16:37:46 | INFO | mmf.utils.checkpoint : Copying model.bert.encoder.c_layer.2.biOutput.dense2.bias from model.bert.encoder.c_layer.2.biOutput.dense2.bias
2022-05-06T16:37:46 | INFO | mmf.utils.checkpoint : Copying model.bert.encoder.c_layer.2.biOutput.LayerNorm2.weight from model.bert.encoder.c_layer.2.biOutput.LayerNorm2.weight
2022-05-06T16:37:46 | INFO | mmf.utils.checkpoint : Copying model.bert.encoder.c_layer.2.biOutput.LayerNorm2.bias from model.bert.encoder.c_layer.2.biOutput.LayerNorm2.bias
2022-05-06T16:37:46 | INFO | mmf.utils.checkpoint : Copying model.bert.encoder.c_layer.2.biOutput.q_dense2.weight from model.bert.encoder.c_layer.2.biOutput.q_dense2.weight
2022-05-06T16:37:46 | INFO | mmf.utils.checkpoint : Copying model.bert.encoder.c_layer.2.biOutput.q_dense2.bias from model.bert.encoder.c_layer.2.biOutput.q_dense2.bias
2022-05-06T16:37:46 | INFO | mmf.utils.checkpoint : Copying model.bert.encoder.c_layer.2.v_intermediate.dense.weight from model.bert.encoder.c_layer.2.v_intermediate.dense.weight
2022-05-06T16:37:46 | INFO | mmf.utils.checkpoint : Copying model.bert.encoder.c_layer.2.v_intermediate.dense.bias from model.bert.encoder.c_layer.2.v_intermediate.dense.bias
2022-05-06T16:37:46 | INFO | mmf.utils.checkpoint : Copying model.bert.encoder.c_layer.2.v_output.dense.weight from model.bert.encoder.c_layer.2.v_output.dense.weight
2022-05-06T16:37:46 | INFO | mmf.utils.checkpoint : Copying model.bert.encoder.c_layer.2.v_output.dense.bias from model.bert.encoder.c_layer.2.v_output.dense.bias
2022-05-06T16:37:46 | INFO | mmf.utils.checkpoint : Copying model.bert.encoder.c_layer.2.v_output.LayerNorm.weight from model.bert.encoder.c_layer.2.v_output.LayerNorm.weight
2022-05-06T16:37:46 | INFO | mmf.utils.checkpoint : Copying model.bert.encoder.c_layer.2.v_output.LayerNorm.bias from model.bert.encoder.c_layer.2.v_output.LayerNorm.bias
2022-05-06T16:37:46 | INFO | mmf.utils.checkpoint : Copying model.bert.encoder.c_layer.2.t_intermediate.dense.weight from model.bert.encoder.c_layer.2.t_intermediate.dense.weight
2022-05-06T16:37:46 | INFO | mmf.utils.checkpoint : Copying model.bert.encoder.c_layer.2.t_intermediate.dense.bias from model.bert.encoder.c_layer.2.t_intermediate.dense.bias
2022-05-06T16:37:46 | INFO | mmf.utils.checkpoint : Copying model.bert.encoder.c_layer.2.t_output.dense.weight from model.bert.encoder.c_layer.2.t_output.dense.weight
2022-05-06T16:37:46 | INFO | mmf.utils.checkpoint : Copying model.bert.encoder.c_layer.2.t_output.dense.bias from model.bert.encoder.c_layer.2.t_output.dense.bias
2022-05-06T16:37:46 | INFO | mmf.utils.checkpoint : Copying model.bert.encoder.c_layer.2.t_output.LayerNorm.weight from model.bert.encoder.c_layer.2.t_output.LayerNorm.weight
2022-05-06T16:37:46 | INFO | mmf.utils.checkpoint : Copying model.bert.encoder.c_layer.2.t_output.LayerNorm.bias from model.bert.encoder.c_layer.2.t_output.LayerNorm.bias
2022-05-06T16:37:46 | INFO | mmf.utils.checkpoint : Copying model.bert.encoder.c_layer.3.biattention.query1.weight from model.bert.encoder.c_layer.3.biattention.query1.weight
2022-05-06T16:37:46 | INFO | mmf.utils.checkpoint : Copying model.bert.encoder.c_layer.3.biattention.query1.bias from model.bert.encoder.c_layer.3.biattention.query1.bias
2022-05-06T16:37:46 | INFO | mmf.utils.checkpoint : Copying model.bert.encoder.c_layer.3.biattention.key1.weight from model.bert.encoder.c_layer.3.biattention.key1.weight
2022-05-06T16:37:46 | INFO | mmf.utils.checkpoint : Copying model.bert.encoder.c_layer.3.biattention.key1.bias from model.bert.encoder.c_layer.3.biattention.key1.bias
2022-05-06T16:37:46 | INFO | mmf.utils.checkpoint : Copying model.bert.encoder.c_layer.3.biattention.value1.weight from model.bert.encoder.c_layer.3.biattention.value1.weight
2022-05-06T16:37:46 | INFO | mmf.utils.checkpoint : Copying model.bert.encoder.c_layer.3.biattention.value1.bias from model.bert.encoder.c_layer.3.biattention.value1.bias
2022-05-06T16:37:46 | INFO | mmf.utils.checkpoint : Copying model.bert.encoder.c_layer.3.biattention.query2.weight from model.bert.encoder.c_layer.3.biattention.query2.weight
2022-05-06T16:37:46 | INFO | mmf.utils.checkpoint : Copying model.bert.encoder.c_layer.3.biattention.query2.bias from model.bert.encoder.c_layer.3.biattention.query2.bias
2022-05-06T16:37:46 | INFO | mmf.utils.checkpoint : Copying model.bert.encoder.c_layer.3.biattention.key2.weight from model.bert.encoder.c_layer.3.biattention.key2.weight
2022-05-06T16:37:46 | INFO | mmf.utils.checkpoint : Copying model.bert.encoder.c_layer.3.biattention.key2.bias from model.bert.encoder.c_layer.3.biattention.key2.bias
2022-05-06T16:37:46 | INFO | mmf.utils.checkpoint : Copying model.bert.encoder.c_layer.3.biattention.value2.weight from model.bert.encoder.c_layer.3.biattention.value2.weight
2022-05-06T16:37:46 | INFO | mmf.utils.checkpoint : Copying model.bert.encoder.c_layer.3.biattention.value2.bias from model.bert.encoder.c_layer.3.biattention.value2.bias
2022-05-06T16:37:46 | INFO | mmf.utils.checkpoint : Copying model.bert.encoder.c_layer.3.biOutput.dense1.weight from model.bert.encoder.c_layer.3.biOutput.dense1.weight
2022-05-06T16:37:46 | INFO | mmf.utils.checkpoint : Copying model.bert.encoder.c_layer.3.biOutput.dense1.bias from model.bert.encoder.c_layer.3.biOutput.dense1.bias
2022-05-06T16:37:46 | INFO | mmf.utils.checkpoint : Copying model.bert.encoder.c_layer.3.biOutput.LayerNorm1.weight from model.bert.encoder.c_layer.3.biOutput.LayerNorm1.weight
2022-05-06T16:37:46 | INFO | mmf.utils.checkpoint : Copying model.bert.encoder.c_layer.3.biOutput.LayerNorm1.bias from model.bert.encoder.c_layer.3.biOutput.LayerNorm1.bias
2022-05-06T16:37:46 | INFO | mmf.utils.checkpoint : Copying model.bert.encoder.c_layer.3.biOutput.q_dense1.weight from model.bert.encoder.c_layer.3.biOutput.q_dense1.weight
2022-05-06T16:37:46 | INFO | mmf.utils.checkpoint : Copying model.bert.encoder.c_layer.3.biOutput.q_dense1.bias from model.bert.encoder.c_layer.3.biOutput.q_dense1.bias
2022-05-06T16:37:46 | INFO | mmf.utils.checkpoint : Copying model.bert.encoder.c_layer.3.biOutput.dense2.weight from model.bert.encoder.c_layer.3.biOutput.dense2.weight
2022-05-06T16:37:46 | INFO | mmf.utils.checkpoint : Copying model.bert.encoder.c_layer.3.biOutput.dense2.bias from model.bert.encoder.c_layer.3.biOutput.dense2.bias
2022-05-06T16:37:46 | INFO | mmf.utils.checkpoint : Copying model.bert.encoder.c_layer.3.biOutput.LayerNorm2.weight from model.bert.encoder.c_layer.3.biOutput.LayerNorm2.weight
2022-05-06T16:37:46 | INFO | mmf.utils.checkpoint : Copying model.bert.encoder.c_layer.3.biOutput.LayerNorm2.bias from model.bert.encoder.c_layer.3.biOutput.LayerNorm2.bias
2022-05-06T16:37:46 | INFO | mmf.utils.checkpoint : Copying model.bert.encoder.c_layer.3.biOutput.q_dense2.weight from model.bert.encoder.c_layer.3.biOutput.q_dense2.weight
2022-05-06T16:37:46 | INFO | mmf.utils.checkpoint : Copying model.bert.encoder.c_layer.3.biOutput.q_dense2.bias from model.bert.encoder.c_layer.3.biOutput.q_dense2.bias
2022-05-06T16:37:46 | INFO | mmf.utils.checkpoint : Copying model.bert.encoder.c_layer.3.v_intermediate.dense.weight from model.bert.encoder.c_layer.3.v_intermediate.dense.weight
2022-05-06T16:37:46 | INFO | mmf.utils.checkpoint : Copying model.bert.encoder.c_layer.3.v_intermediate.dense.bias from model.bert.encoder.c_layer.3.v_intermediate.dense.bias
2022-05-06T16:37:46 | INFO | mmf.utils.checkpoint : Copying model.bert.encoder.c_layer.3.v_output.dense.weight from model.bert.encoder.c_layer.3.v_output.dense.weight
2022-05-06T16:37:46 | INFO | mmf.utils.checkpoint : Copying model.bert.encoder.c_layer.3.v_output.dense.bias from model.bert.encoder.c_layer.3.v_output.dense.bias
2022-05-06T16:37:46 | INFO | mmf.utils.checkpoint : Copying model.bert.encoder.c_layer.3.v_output.LayerNorm.weight from model.bert.encoder.c_layer.3.v_output.LayerNorm.weight
2022-05-06T16:37:46 | INFO | mmf.utils.checkpoint : Copying model.bert.encoder.c_layer.3.v_output.LayerNorm.bias from model.bert.encoder.c_layer.3.v_output.LayerNorm.bias
2022-05-06T16:37:46 | INFO | mmf.utils.checkpoint : Copying model.bert.encoder.c_layer.3.t_intermediate.dense.weight from model.bert.encoder.c_layer.3.t_intermediate.dense.weight
2022-05-06T16:37:46 | INFO | mmf.utils.checkpoint : Copying model.bert.encoder.c_layer.3.t_intermediate.dense.bias from model.bert.encoder.c_layer.3.t_intermediate.dense.bias
2022-05-06T16:37:46 | INFO | mmf.utils.checkpoint : Copying model.bert.encoder.c_layer.3.t_output.dense.weight from model.bert.encoder.c_layer.3.t_output.dense.weight
2022-05-06T16:37:46 | INFO | mmf.utils.checkpoint : Copying model.bert.encoder.c_layer.3.t_output.dense.bias from model.bert.encoder.c_layer.3.t_output.dense.bias
2022-05-06T16:37:46 | INFO | mmf.utils.checkpoint : Copying model.bert.encoder.c_layer.3.t_output.LayerNorm.weight from model.bert.encoder.c_layer.3.t_output.LayerNorm.weight
2022-05-06T16:37:46 | INFO | mmf.utils.checkpoint : Copying model.bert.encoder.c_layer.3.t_output.LayerNorm.bias from model.bert.encoder.c_layer.3.t_output.LayerNorm.bias
2022-05-06T16:37:46 | INFO | mmf.utils.checkpoint : Copying model.bert.encoder.c_layer.4.biattention.query1.weight from model.bert.encoder.c_layer.4.biattention.query1.weight
2022-05-06T16:37:46 | INFO | mmf.utils.checkpoint : Copying model.bert.encoder.c_layer.4.biattention.query1.bias from model.bert.encoder.c_layer.4.biattention.query1.bias
2022-05-06T16:37:46 | INFO | mmf.utils.checkpoint : Copying model.bert.encoder.c_layer.4.biattention.key1.weight from model.bert.encoder.c_layer.4.biattention.key1.weight
2022-05-06T16:37:46 | INFO | mmf.utils.checkpoint : Copying model.bert.encoder.c_layer.4.biattention.key1.bias from model.bert.encoder.c_layer.4.biattention.key1.bias
2022-05-06T16:37:46 | INFO | mmf.utils.checkpoint : Copying model.bert.encoder.c_layer.4.biattention.value1.weight from model.bert.encoder.c_layer.4.biattention.value1.weight
2022-05-06T16:37:46 | INFO | mmf.utils.checkpoint : Copying model.bert.encoder.c_layer.4.biattention.value1.bias from model.bert.encoder.c_layer.4.biattention.value1.bias
2022-05-06T16:37:46 | INFO | mmf.utils.checkpoint : Copying model.bert.encoder.c_layer.4.biattention.query2.weight from model.bert.encoder.c_layer.4.biattention.query2.weight
2022-05-06T16:37:46 | INFO | mmf.utils.checkpoint : Copying model.bert.encoder.c_layer.4.biattention.query2.bias from model.bert.encoder.c_layer.4.biattention.query2.bias
2022-05-06T16:37:46 | INFO | mmf.utils.checkpoint : Copying model.bert.encoder.c_layer.4.biattention.key2.weight from model.bert.encoder.c_layer.4.biattention.key2.weight
2022-05-06T16:37:46 | INFO | mmf.utils.checkpoint : Copying model.bert.encoder.c_layer.4.biattention.key2.bias from model.bert.encoder.c_layer.4.biattention.key2.bias
2022-05-06T16:37:46 | INFO | mmf.utils.checkpoint : Copying model.bert.encoder.c_layer.4.biattention.value2.weight from model.bert.encoder.c_layer.4.biattention.value2.weight
2022-05-06T16:37:46 | INFO | mmf.utils.checkpoint : Copying model.bert.encoder.c_layer.4.biattention.value2.bias from model.bert.encoder.c_layer.4.biattention.value2.bias
2022-05-06T16:37:46 | INFO | mmf.utils.checkpoint : Copying model.bert.encoder.c_layer.4.biOutput.dense1.weight from model.bert.encoder.c_layer.4.biOutput.dense1.weight
2022-05-06T16:37:46 | INFO | mmf.utils.checkpoint : Copying model.bert.encoder.c_layer.4.biOutput.dense1.bias from model.bert.encoder.c_layer.4.biOutput.dense1.bias
2022-05-06T16:37:46 | INFO | mmf.utils.checkpoint : Copying model.bert.encoder.c_layer.4.biOutput.LayerNorm1.weight from model.bert.encoder.c_layer.4.biOutput.LayerNorm1.weight
2022-05-06T16:37:46 | INFO | mmf.utils.checkpoint : Copying model.bert.encoder.c_layer.4.biOutput.LayerNorm1.bias from model.bert.encoder.c_layer.4.biOutput.LayerNorm1.bias
2022-05-06T16:37:46 | INFO | mmf.utils.checkpoint : Copying model.bert.encoder.c_layer.4.biOutput.q_dense1.weight from model.bert.encoder.c_layer.4.biOutput.q_dense1.weight
2022-05-06T16:37:46 | INFO | mmf.utils.checkpoint : Copying model.bert.encoder.c_layer.4.biOutput.q_dense1.bias from model.bert.encoder.c_layer.4.biOutput.q_dense1.bias
2022-05-06T16:37:46 | INFO | mmf.utils.checkpoint : Copying model.bert.encoder.c_layer.4.biOutput.dense2.weight from model.bert.encoder.c_layer.4.biOutput.dense2.weight
2022-05-06T16:37:46 | INFO | mmf.utils.checkpoint : Copying model.bert.encoder.c_layer.4.biOutput.dense2.bias from model.bert.encoder.c_layer.4.biOutput.dense2.bias
2022-05-06T16:37:46 | INFO | mmf.utils.checkpoint : Copying model.bert.encoder.c_layer.4.biOutput.LayerNorm2.weight from model.bert.encoder.c_layer.4.biOutput.LayerNorm2.weight
2022-05-06T16:37:46 | INFO | mmf.utils.checkpoint : Copying model.bert.encoder.c_layer.4.biOutput.LayerNorm2.bias from model.bert.encoder.c_layer.4.biOutput.LayerNorm2.bias
2022-05-06T16:37:46 | INFO | mmf.utils.checkpoint : Copying model.bert.encoder.c_layer.4.biOutput.q_dense2.weight from model.bert.encoder.c_layer.4.biOutput.q_dense2.weight
2022-05-06T16:37:46 | INFO | mmf.utils.checkpoint : Copying model.bert.encoder.c_layer.4.biOutput.q_dense2.bias from model.bert.encoder.c_layer.4.biOutput.q_dense2.bias
2022-05-06T16:37:46 | INFO | mmf.utils.checkpoint : Copying model.bert.encoder.c_layer.4.v_intermediate.dense.weight from model.bert.encoder.c_layer.4.v_intermediate.dense.weight
2022-05-06T16:37:46 | INFO | mmf.utils.checkpoint : Copying model.bert.encoder.c_layer.4.v_intermediate.dense.bias from model.bert.encoder.c_layer.4.v_intermediate.dense.bias
2022-05-06T16:37:46 | INFO | mmf.utils.checkpoint : Copying model.bert.encoder.c_layer.4.v_output.dense.weight from model.bert.encoder.c_layer.4.v_output.dense.weight
2022-05-06T16:37:46 | INFO | mmf.utils.checkpoint : Copying model.bert.encoder.c_layer.4.v_output.dense.bias from model.bert.encoder.c_layer.4.v_output.dense.bias
2022-05-06T16:37:46 | INFO | mmf.utils.checkpoint : Copying model.bert.encoder.c_layer.4.v_output.LayerNorm.weight from model.bert.encoder.c_layer.4.v_output.LayerNorm.weight
2022-05-06T16:37:46 | INFO | mmf.utils.checkpoint : Copying model.bert.encoder.c_layer.4.v_output.LayerNorm.bias from model.bert.encoder.c_layer.4.v_output.LayerNorm.bias
2022-05-06T16:37:46 | INFO | mmf.utils.checkpoint : Copying model.bert.encoder.c_layer.4.t_intermediate.dense.weight from model.bert.encoder.c_layer.4.t_intermediate.dense.weight
2022-05-06T16:37:46 | INFO | mmf.utils.checkpoint : Copying model.bert.encoder.c_layer.4.t_intermediate.dense.bias from model.bert.encoder.c_layer.4.t_intermediate.dense.bias
2022-05-06T16:37:46 | INFO | mmf.utils.checkpoint : Copying model.bert.encoder.c_layer.4.t_output.dense.weight from model.bert.encoder.c_layer.4.t_output.dense.weight
2022-05-06T16:37:46 | INFO | mmf.utils.checkpoint : Copying model.bert.encoder.c_layer.4.t_output.dense.bias from model.bert.encoder.c_layer.4.t_output.dense.bias
2022-05-06T16:37:46 | INFO | mmf.utils.checkpoint : Copying model.bert.encoder.c_layer.4.t_output.LayerNorm.weight from model.bert.encoder.c_layer.4.t_output.LayerNorm.weight
2022-05-06T16:37:46 | INFO | mmf.utils.checkpoint : Copying model.bert.encoder.c_layer.4.t_output.LayerNorm.bias from model.bert.encoder.c_layer.4.t_output.LayerNorm.bias
2022-05-06T16:37:46 | INFO | mmf.utils.checkpoint : Copying model.bert.encoder.c_layer.5.biattention.query1.weight from model.bert.encoder.c_layer.5.biattention.query1.weight
2022-05-06T16:37:46 | INFO | mmf.utils.checkpoint : Copying model.bert.encoder.c_layer.5.biattention.query1.bias from model.bert.encoder.c_layer.5.biattention.query1.bias
2022-05-06T16:37:46 | INFO | mmf.utils.checkpoint : Copying model.bert.encoder.c_layer.5.biattention.key1.weight from model.bert.encoder.c_layer.5.biattention.key1.weight
2022-05-06T16:37:46 | INFO | mmf.utils.checkpoint : Copying model.bert.encoder.c_layer.5.biattention.key1.bias from model.bert.encoder.c_layer.5.biattention.key1.bias
2022-05-06T16:37:46 | INFO | mmf.utils.checkpoint : Copying model.bert.encoder.c_layer.5.biattention.value1.weight from model.bert.encoder.c_layer.5.biattention.value1.weight
2022-05-06T16:37:46 | INFO | mmf.utils.checkpoint : Copying model.bert.encoder.c_layer.5.biattention.value1.bias from model.bert.encoder.c_layer.5.biattention.value1.bias
2022-05-06T16:37:46 | INFO | mmf.utils.checkpoint : Copying model.bert.encoder.c_layer.5.biattention.query2.weight from model.bert.encoder.c_layer.5.biattention.query2.weight
2022-05-06T16:37:46 | INFO | mmf.utils.checkpoint : Copying model.bert.encoder.c_layer.5.biattention.query2.bias from model.bert.encoder.c_layer.5.biattention.query2.bias
2022-05-06T16:37:46 | INFO | mmf.utils.checkpoint : Copying model.bert.encoder.c_layer.5.biattention.key2.weight from model.bert.encoder.c_layer.5.biattention.key2.weight
2022-05-06T16:37:46 | INFO | mmf.utils.checkpoint : Copying model.bert.encoder.c_layer.5.biattention.key2.bias from model.bert.encoder.c_layer.5.biattention.key2.bias
2022-05-06T16:37:46 | INFO | mmf.utils.checkpoint : Copying model.bert.encoder.c_layer.5.biattention.value2.weight from model.bert.encoder.c_layer.5.biattention.value2.weight
2022-05-06T16:37:46 | INFO | mmf.utils.checkpoint : Copying model.bert.encoder.c_layer.5.biattention.value2.bias from model.bert.encoder.c_layer.5.biattention.value2.bias
2022-05-06T16:37:46 | INFO | mmf.utils.checkpoint : Copying model.bert.encoder.c_layer.5.biOutput.dense1.weight from model.bert.encoder.c_layer.5.biOutput.dense1.weight
2022-05-06T16:37:46 | INFO | mmf.utils.checkpoint : Copying model.bert.encoder.c_layer.5.biOutput.dense1.bias from model.bert.encoder.c_layer.5.biOutput.dense1.bias
2022-05-06T16:37:46 | INFO | mmf.utils.checkpoint : Copying model.bert.encoder.c_layer.5.biOutput.LayerNorm1.weight from model.bert.encoder.c_layer.5.biOutput.LayerNorm1.weight
2022-05-06T16:37:46 | INFO | mmf.utils.checkpoint : Copying model.bert.encoder.c_layer.5.biOutput.LayerNorm1.bias from model.bert.encoder.c_layer.5.biOutput.LayerNorm1.bias
2022-05-06T16:37:46 | INFO | mmf.utils.checkpoint : Copying model.bert.encoder.c_layer.5.biOutput.q_dense1.weight from model.bert.encoder.c_layer.5.biOutput.q_dense1.weight
2022-05-06T16:37:46 | INFO | mmf.utils.checkpoint : Copying model.bert.encoder.c_layer.5.biOutput.q_dense1.bias from model.bert.encoder.c_layer.5.biOutput.q_dense1.bias
2022-05-06T16:37:46 | INFO | mmf.utils.checkpoint : Copying model.bert.encoder.c_layer.5.biOutput.dense2.weight from model.bert.encoder.c_layer.5.biOutput.dense2.weight
2022-05-06T16:37:46 | INFO | mmf.utils.checkpoint : Copying model.bert.encoder.c_layer.5.biOutput.dense2.bias from model.bert.encoder.c_layer.5.biOutput.dense2.bias
2022-05-06T16:37:46 | INFO | mmf.utils.checkpoint : Copying model.bert.encoder.c_layer.5.biOutput.LayerNorm2.weight from model.bert.encoder.c_layer.5.biOutput.LayerNorm2.weight
2022-05-06T16:37:46 | INFO | mmf.utils.checkpoint : Copying model.bert.encoder.c_layer.5.biOutput.LayerNorm2.bias from model.bert.encoder.c_layer.5.biOutput.LayerNorm2.bias
2022-05-06T16:37:46 | INFO | mmf.utils.checkpoint : Copying model.bert.encoder.c_layer.5.biOutput.q_dense2.weight from model.bert.encoder.c_layer.5.biOutput.q_dense2.weight
2022-05-06T16:37:46 | INFO | mmf.utils.checkpoint : Copying model.bert.encoder.c_layer.5.biOutput.q_dense2.bias from model.bert.encoder.c_layer.5.biOutput.q_dense2.bias
2022-05-06T16:37:46 | INFO | mmf.utils.checkpoint : Copying model.bert.encoder.c_layer.5.v_intermediate.dense.weight from model.bert.encoder.c_layer.5.v_intermediate.dense.weight
2022-05-06T16:37:46 | INFO | mmf.utils.checkpoint : Copying model.bert.encoder.c_layer.5.v_intermediate.dense.bias from model.bert.encoder.c_layer.5.v_intermediate.dense.bias
2022-05-06T16:37:46 | INFO | mmf.utils.checkpoint : Copying model.bert.encoder.c_layer.5.v_output.dense.weight from model.bert.encoder.c_layer.5.v_output.dense.weight
2022-05-06T16:37:46 | INFO | mmf.utils.checkpoint : Copying model.bert.encoder.c_layer.5.v_output.dense.bias from model.bert.encoder.c_layer.5.v_output.dense.bias
2022-05-06T16:37:46 | INFO | mmf.utils.checkpoint : Copying model.bert.encoder.c_layer.5.v_output.LayerNorm.weight from model.bert.encoder.c_layer.5.v_output.LayerNorm.weight
2022-05-06T16:37:46 | INFO | mmf.utils.checkpoint : Copying model.bert.encoder.c_layer.5.v_output.LayerNorm.bias from model.bert.encoder.c_layer.5.v_output.LayerNorm.bias
2022-05-06T16:37:46 | INFO | mmf.utils.checkpoint : Copying model.bert.encoder.c_layer.5.t_intermediate.dense.weight from model.bert.encoder.c_layer.5.t_intermediate.dense.weight
2022-05-06T16:37:46 | INFO | mmf.utils.checkpoint : Copying model.bert.encoder.c_layer.5.t_intermediate.dense.bias from model.bert.encoder.c_layer.5.t_intermediate.dense.bias
2022-05-06T16:37:46 | INFO | mmf.utils.checkpoint : Copying model.bert.encoder.c_layer.5.t_output.dense.weight from model.bert.encoder.c_layer.5.t_output.dense.weight
2022-05-06T16:37:46 | INFO | mmf.utils.checkpoint : Copying model.bert.encoder.c_layer.5.t_output.dense.bias from model.bert.encoder.c_layer.5.t_output.dense.bias
2022-05-06T16:37:46 | INFO | mmf.utils.checkpoint : Copying model.bert.encoder.c_layer.5.t_output.LayerNorm.weight from model.bert.encoder.c_layer.5.t_output.LayerNorm.weight
2022-05-06T16:37:46 | INFO | mmf.utils.checkpoint : Copying model.bert.encoder.c_layer.5.t_output.LayerNorm.bias from model.bert.encoder.c_layer.5.t_output.LayerNorm.bias
2022-05-06T16:37:46 | INFO | mmf.utils.checkpoint : Copying model.bert.t_pooler.dense.weight from model.bert.t_pooler.dense.weight
2022-05-06T16:37:46 | INFO | mmf.utils.checkpoint : Copying model.bert.t_pooler.dense.bias from model.bert.t_pooler.dense.bias
2022-05-06T16:37:46 | INFO | mmf.utils.checkpoint : Copying model.bert.v_pooler.dense.weight from model.bert.v_pooler.dense.weight
2022-05-06T16:37:46 | INFO | mmf.utils.checkpoint : Copying model.bert.v_pooler.dense.bias from model.bert.v_pooler.dense.bias
2022-05-06T16:37:46 | INFO | mmf.utils.checkpoint : Pretrained model loaded
2022-05-06T16:37:46 | INFO | mmf.utils.checkpoint : Checkpoint loaded.
2022-05-06T16:37:46 | INFO | mmf.utils.checkpoint : Current num updates: 0
2022-05-06T16:37:46 | INFO | mmf.utils.checkpoint : Current iteration: 0
2022-05-06T16:37:46 | INFO | mmf.utils.checkpoint : Current epoch: 0
2022-05-06T16:37:46 | INFO | mmf.trainers.core.evaluation_loop : Starting val inference predictions
2022-05-06T16:37:46 | INFO | mmf.common.test_reporter : Predicting for hateful_memes
2022-05-06T16:37:56 | INFO | mmf.common.test_reporter : Wrote predictions for hateful_memes to /home/jupyter/finetune/vilbert/save/hateful_memes_vilbert_10362275/reports/hateful_memes_run_val_2022-05-06T16:37:56.csv
2022-05-06T16:37:56 | INFO | mmf.trainers.core.evaluation_loop : Finished predicting. Loaded 16
2022-05-06T16:37:56 | INFO | mmf.trainers.core.evaluation_loop :  -- skipped 0 batches.
