2022-05-07T12:06:03 | INFO | mmf : Logging to: ./save/train.log
2022-05-07T12:06:03 | INFO | mmf_cli.run : Namespace(config_override=None, local_rank=None, opts=['config=infer_visual_bert.yaml', 'model=visual_bert', 'dataset=hateful_memes', 'run_type=test', 'checkpoint.resume=save/best.ckpt', 'evaluation.predict=true'])
2022-05-07T12:06:03 | INFO | mmf_cli.run : Torch version: 1.9.0+cu102
2022-05-07T12:06:03 | INFO | mmf.utils.general : CUDA Device 0 is: Tesla T4
2022-05-07T12:06:03 | INFO | mmf_cli.run : Using seed 3324342
2022-05-07T12:06:03 | INFO | mmf.trainers.mmf_trainer : Loading datasets
2022-05-07T12:06:03 | INFO | mmf.datasets.multi_datamodule : Multitasking disabled by default for single dataset training
2022-05-07T12:06:03 | INFO | mmf.datasets.multi_datamodule : Multitasking disabled by default for single dataset training
2022-05-07T12:06:03 | INFO | mmf.datasets.multi_datamodule : Multitasking disabled by default for single dataset training
2022-05-07T12:06:03 | INFO | mmf.trainers.mmf_trainer : Loading model
2022-05-07T12:06:09 | INFO | mmf.trainers.mmf_trainer : Loading optimizer
2022-05-07T12:06:09 | INFO | mmf.trainers.mmf_trainer : Loading metrics
2022-05-07T12:06:09 | INFO | mmf.utils.checkpoint : Loading checkpoint
2022-05-07T12:06:10 | WARNING | mmf : Key data_parallel is not present in registry, returning default value of None
2022-05-07T12:06:10 | WARNING | mmf : Key distributed is not present in registry, returning default value of None
2022-05-07T12:06:10 | INFO | mmf.utils.checkpoint : Checkpoint loaded.
2022-05-07T12:06:10 | INFO | mmf.utils.checkpoint : Current num updates: 11000
2022-05-07T12:06:10 | INFO | mmf.utils.checkpoint : Current iteration: 11000
2022-05-07T12:06:10 | INFO | mmf.utils.checkpoint : Current epoch: 47
2022-05-07T12:06:10 | INFO | mmf.trainers.core.evaluation_loop : Starting test inference predictions
2022-05-07T12:06:10 | INFO | mmf.common.test_reporter : Predicting for hateful_memes
2022-05-07T12:06:27 | INFO | mmf.common.test_reporter : Wrote predictions for hateful_memes to /home/jupyter/final-project/visual_bert/save/hateful_memes_visual_bert_3324342/reports/hateful_memes_run_test_2022-05-07T12:06:27.csv
2022-05-07T12:06:27 | INFO | mmf.trainers.core.evaluation_loop : Finished predicting. Loaded 32
2022-05-07T12:06:27 | INFO | mmf.trainers.core.evaluation_loop :  -- skipped 0 batches.
